{"C:\\Users\\Darius\\Desktop\\Projects\\everhoury\\everhoury_backend\\config.ts": {"path":"C:\\Users\\Darius\\Desktop\\Projects\\everhoury\\everhoury_backend\\config.ts","statementMap":{"0":{"start":{"line":1,"column":0},"end":{"line":1,"column":37}},"1":{"start":{"line":2,"column":0},"end":{"line":2,"column":34}},"2":{"start":{"line":4,"column":13},"end":{"line":6,"column":2}},"3":{"start":{"line":8,"column":32},"end":{"line":10,"column":1}},"4":{"start":{"line":9,"column":2},"end":{"line":9,"column":93}},"5":{"start":{"line":8,"column":13},"end":{"line":8,"column":32}},"6":{"start":{"line":12,"column":13},"end":{"line":19,"column":null}}},"fnMap":{"0":{"name":"(anonymous_1)","decl":{"start":{"line":8,"column":32},"end":{"line":8,"column":35}},"loc":{"start":{"line":8,"column":37},"end":{"line":10,"column":1}}}},"branchMap":{},"s":{"0":5,"1":5,"2":5,"3":5,"4":0,"5":5,"6":5},"f":{"0":0},"b":{}}
,"C:\\Users\\Darius\\Desktop\\Projects\\everhoury\\everhoury_backend\\index.ts": {"path":"C:\\Users\\Darius\\Desktop\\Projects\\everhoury\\everhoury_backend\\index.ts","statementMap":{"0":{"start":{"line":1,"column":0},"end":{"line":1,"column":53}},"1":{"start":{"line":2,"column":0},"end":{"line":2,"column":24}},"2":{"start":{"line":3,"column":0},"end":{"line":3,"column":37}},"3":{"start":{"line":4,"column":0},"end":{"line":4,"column":41}},"4":{"start":{"line":5,"column":0},"end":{"line":5,"column":43}},"5":{"start":{"line":6,"column":0},"end":{"line":6,"column":33}},"6":{"start":{"line":7,"column":0},"end":{"line":7,"column":30}},"7":{"start":{"line":8,"column":0},"end":{"line":8,"column":44}},"8":{"start":{"line":10,"column":0},"end":{"line":10,"column":83}},"9":{"start":{"line":13,"column":0},"end":{"line":13,"column":50}},"10":{"start":{"line":15,"column":18},"end":{"line":15,"column":37}},"11":{"start":{"line":18,"column":33},"end":{"line":18,"column":42}},"12":{"start":{"line":20,"column":13},"end":{"line":20,"column":37}},"13":{"start":{"line":22,"column":0},"end":{"line":22,"column":12}},"14":{"start":{"line":24,"column":16},"end":{"line":37,"column":2}},"15":{"start":{"line":39,"column":14},"end":{"line":39,"column":35}},"16":{"start":{"line":43,"column":0},"end":{"line":43,"column":61}},"17":{"start":{"line":45,"column":0},"end":{"line":45,"column":24}},"18":{"start":{"line":46,"column":0},"end":{"line":46,"column":27}},"19":{"start":{"line":47,"column":0},"end":{"line":47,"column":16}},"20":{"start":{"line":48,"column":0},"end":{"line":48,"column":48}},"21":{"start":{"line":50,"column":0},"end":{"line":50,"column":24}},"22":{"start":{"line":51,"column":0},"end":{"line":51,"column":22}},"23":{"start":{"line":54,"column":13},"end":{"line":57,"column":46}},"24":{"start":{"line":56,"column":10},"end":{"line":56,"column":36}},"25":{"start":{"line":59,"column":12},"end":{"line":59,"column":52}},"26":{"start":{"line":60,"column":0},"end":{"line":60,"column":null}},"27":{"start":{"line":62,"column":0},"end":{"line":62,"column":19}}},"fnMap":{"0":{"name":"(anonymous_1)","decl":{"start":{"line":56,"column":2},"end":{"line":56,"column":5}},"loc":{"start":{"line":56,"column":7},"end":{"line":56,"column":37}}},"1":{"name":"(anonymous_2)","decl":{"start":{"line":57,"column":2},"end":{"line":57,"column":3}},"loc":{"start":{"line":57,"column":17},"end":{"line":57,"column":45}}}},"branchMap":{"0":{"loc":{"start":{"line":20,"column":13},"end":{"line":20,"column":37}},"type":"binary-expr","locations":[{"start":{"line":20,"column":13},"end":{"line":20,"column":29}},{"start":{"line":20,"column":33},"end":{"line":20,"column":37}}]}},"s":{"0":5,"1":5,"2":5,"3":5,"4":5,"5":5,"6":5,"7":5,"8":5,"9":5,"10":5,"11":5,"12":5,"13":5,"14":5,"15":5,"16":5,"17":5,"18":5,"19":5,"20":5,"21":5,"22":5,"23":5,"24":0,"25":5,"26":5,"27":5},"f":{"0":0,"1":0},"b":{"0":[5,5]}}
,"C:\\Users\\Darius\\Desktop\\Projects\\everhoury\\everhoury_backend\\constants\\project.ts": {"path":"C:\\Users\\Darius\\Desktop\\Projects\\everhoury\\everhoury_backend\\constants\\project.ts","statementMap":{"0":{"start":{"line":1,"column":0},"end":{"line":1,"column":null}},"1":{"start":{"line":2,"column":2},"end":{"line":2,"column":null}},"2":{"start":{"line":3,"column":2},"end":{"line":3,"column":null}},"3":{"start":{"line":4,"column":2},"end":{"line":4,"column":null}}},"fnMap":{"0":{"name":"(anonymous_0)","decl":{"start":{"line":1,"column":0},"end":{"line":1,"column":12}},"loc":{"start":{"line":1,"column":26},"end":{"line":5,"column":1}}}},"branchMap":{"0":{"loc":{"start":{"line":1,"column":12},"end":{"line":1,"column":null}},"type":"binary-expr","locations":[{"start":{"line":1,"column":12},"end":{"line":1,"column":26}},{"start":{"line":1,"column":12},"end":{"line":1,"column":null}}]}},"s":{"0":5,"1":5,"2":5,"3":5},"f":{"0":5},"b":{"0":[5,5]}}
,"C:\\Users\\Darius\\Desktop\\Projects\\everhoury\\everhoury_backend\\constants\\status.ts": {"path":"C:\\Users\\Darius\\Desktop\\Projects\\everhoury\\everhoury_backend\\constants\\status.ts","statementMap":{"0":{"start":{"line":2,"column":0},"end":{"line":2,"column":null}},"1":{"start":{"line":3,"column":2},"end":{"line":3,"column":null}},"2":{"start":{"line":4,"column":2},"end":{"line":4,"column":null}},"3":{"start":{"line":5,"column":2},"end":{"line":5,"column":null}},"4":{"start":{"line":6,"column":2},"end":{"line":6,"column":null}}},"fnMap":{"0":{"name":"(anonymous_0)","decl":{"start":{"line":2,"column":0},"end":{"line":2,"column":12}},"loc":{"start":{"line":2,"column":19},"end":{"line":7,"column":1}}}},"branchMap":{"0":{"loc":{"start":{"line":2,"column":12},"end":{"line":2,"column":null}},"type":"binary-expr","locations":[{"start":{"line":2,"column":12},"end":{"line":2,"column":19}},{"start":{"line":2,"column":12},"end":{"line":2,"column":null}}]}},"s":{"0":5,"1":5,"2":5,"3":5,"4":5},"f":{"0":5},"b":{"0":[5,5]}}
,"C:\\Users\\Darius\\Desktop\\Projects\\everhoury\\everhoury_backend\\controllers\\client.controller.ts": {"path":"C:\\Users\\Darius\\Desktop\\Projects\\everhoury\\everhoury_backend\\controllers\\client.controller.ts","statementMap":{"0":{"start":{"line":2,"column":0},"end":{"line":2,"column":61}},"1":{"start":{"line":3,"column":0},"end":{"line":3,"column":43}},"2":{"start":{"line":6,"column":22},"end":{"line":14,"column":null}},"3":{"start":{"line":6,"column":57},"end":{"line":14,"column":null}},"4":{"start":{"line":7,"column":2},"end":{"line":13,"column":null}},"5":{"start":{"line":8,"column":4},"end":{"line":8,"column":47}},"6":{"start":{"line":10,"column":4},"end":{"line":12,"column":null}},"7":{"start":{"line":11,"column":6},"end":{"line":11,"column":18}},"8":{"start":{"line":6,"column":13},"end":{"line":6,"column":22}},"9":{"start":{"line":16,"column":22},"end":{"line":24,"column":null}},"10":{"start":{"line":16,"column":33},"end":{"line":24,"column":null}},"11":{"start":{"line":17,"column":2},"end":{"line":23,"column":null}},"12":{"start":{"line":18,"column":4},"end":{"line":18,"column":38}},"13":{"start":{"line":20,"column":4},"end":{"line":22,"column":null}},"14":{"start":{"line":21,"column":6},"end":{"line":21,"column":18}},"15":{"start":{"line":16,"column":13},"end":{"line":16,"column":22}},"16":{"start":{"line":26,"column":23},"end":{"line":34,"column":null}},"17":{"start":{"line":26,"column":44},"end":{"line":34,"column":null}},"18":{"start":{"line":27,"column":2},"end":{"line":33,"column":null}},"19":{"start":{"line":28,"column":4},"end":{"line":28,"column":43}},"20":{"start":{"line":30,"column":4},"end":{"line":32,"column":null}},"21":{"start":{"line":31,"column":6},"end":{"line":31,"column":18}},"22":{"start":{"line":26,"column":13},"end":{"line":26,"column":23}},"23":{"start":{"line":36,"column":22},"end":{"line":44,"column":null}},"24":{"start":{"line":36,"column":69},"end":{"line":44,"column":null}},"25":{"start":{"line":37,"column":2},"end":{"line":43,"column":null}},"26":{"start":{"line":38,"column":4},"end":{"line":38,"column":51}},"27":{"start":{"line":40,"column":4},"end":{"line":42,"column":null}},"28":{"start":{"line":41,"column":6},"end":{"line":41,"column":18}},"29":{"start":{"line":36,"column":13},"end":{"line":36,"column":22}},"30":{"start":{"line":46,"column":22},"end":{"line":54,"column":null}},"31":{"start":{"line":46,"column":43},"end":{"line":54,"column":null}},"32":{"start":{"line":47,"column":2},"end":{"line":53,"column":null}},"33":{"start":{"line":48,"column":4},"end":{"line":48,"column":42}},"34":{"start":{"line":50,"column":4},"end":{"line":52,"column":null}},"35":{"start":{"line":51,"column":6},"end":{"line":51,"column":18}},"36":{"start":{"line":46,"column":13},"end":{"line":46,"column":22}},"37":{"start":{"line":56,"column":34},"end":{"line":64,"column":null}},"38":{"start":{"line":56,"column":80},"end":{"line":64,"column":null}},"39":{"start":{"line":57,"column":2},"end":{"line":63,"column":null}},"40":{"start":{"line":58,"column":4},"end":{"line":58,"column":65}},"41":{"start":{"line":60,"column":4},"end":{"line":62,"column":null}},"42":{"start":{"line":61,"column":6},"end":{"line":61,"column":18}},"43":{"start":{"line":56,"column":13},"end":{"line":56,"column":34}}},"fnMap":{"0":{"name":"(anonymous_13)","decl":{"start":{"line":6,"column":22},"end":{"line":6,"column":29}},"loc":{"start":{"line":6,"column":57},"end":{"line":14,"column":null}}},"1":{"name":"(anonymous_14)","decl":{"start":{"line":6,"column":57},"end":{"line":6,"column":null}},"loc":{"start":{"line":6,"column":57},"end":{"line":14,"column":1}}},"2":{"name":"(anonymous_15)","decl":{"start":{"line":16,"column":22},"end":{"line":16,"column":31}},"loc":{"start":{"line":16,"column":33},"end":{"line":24,"column":null}}},"3":{"name":"(anonymous_16)","decl":{"start":{"line":16,"column":33},"end":{"line":16,"column":null}},"loc":{"start":{"line":16,"column":33},"end":{"line":24,"column":1}}},"4":{"name":"(anonymous_17)","decl":{"start":{"line":26,"column":23},"end":{"line":26,"column":30}},"loc":{"start":{"line":26,"column":44},"end":{"line":34,"column":null}}},"5":{"name":"(anonymous_18)","decl":{"start":{"line":26,"column":44},"end":{"line":26,"column":null}},"loc":{"start":{"line":26,"column":44},"end":{"line":34,"column":1}}},"6":{"name":"(anonymous_19)","decl":{"start":{"line":36,"column":22},"end":{"line":36,"column":29}},"loc":{"start":{"line":36,"column":69},"end":{"line":44,"column":null}}},"7":{"name":"(anonymous_20)","decl":{"start":{"line":36,"column":69},"end":{"line":36,"column":null}},"loc":{"start":{"line":36,"column":69},"end":{"line":44,"column":1}}},"8":{"name":"(anonymous_21)","decl":{"start":{"line":46,"column":22},"end":{"line":46,"column":29}},"loc":{"start":{"line":46,"column":43},"end":{"line":54,"column":null}}},"9":{"name":"(anonymous_22)","decl":{"start":{"line":46,"column":43},"end":{"line":46,"column":null}},"loc":{"start":{"line":46,"column":43},"end":{"line":54,"column":1}}},"10":{"name":"(anonymous_23)","decl":{"start":{"line":56,"column":34},"end":{"line":56,"column":41}},"loc":{"start":{"line":56,"column":80},"end":{"line":64,"column":null}}},"11":{"name":"(anonymous_24)","decl":{"start":{"line":56,"column":80},"end":{"line":56,"column":null}},"loc":{"start":{"line":56,"column":80},"end":{"line":64,"column":1}}}},"branchMap":{"0":{"loc":{"start":{"line":10,"column":4},"end":{"line":12,"column":null}},"type":"if","locations":[{"start":{"line":10,"column":4},"end":{"line":12,"column":null}}]},"1":{"loc":{"start":{"line":20,"column":4},"end":{"line":22,"column":null}},"type":"if","locations":[{"start":{"line":20,"column":4},"end":{"line":22,"column":null}}]},"2":{"loc":{"start":{"line":30,"column":4},"end":{"line":32,"column":null}},"type":"if","locations":[{"start":{"line":30,"column":4},"end":{"line":32,"column":null}}]},"3":{"loc":{"start":{"line":40,"column":4},"end":{"line":42,"column":null}},"type":"if","locations":[{"start":{"line":40,"column":4},"end":{"line":42,"column":null}}]},"4":{"loc":{"start":{"line":50,"column":4},"end":{"line":52,"column":null}},"type":"if","locations":[{"start":{"line":50,"column":4},"end":{"line":52,"column":null}}]},"5":{"loc":{"start":{"line":60,"column":4},"end":{"line":62,"column":null}},"type":"if","locations":[{"start":{"line":60,"column":4},"end":{"line":62,"column":null}}]}},"s":{"0":5,"1":5,"2":5,"3":1,"4":1,"5":1,"6":0,"7":0,"8":5,"9":5,"10":3,"11":3,"12":3,"13":0,"14":0,"15":5,"16":5,"17":0,"18":0,"19":0,"20":0,"21":0,"22":5,"23":5,"24":1,"25":1,"26":1,"27":0,"28":0,"29":5,"30":5,"31":1,"32":1,"33":1,"34":0,"35":0,"36":5,"37":5,"38":0,"39":0,"40":0,"41":0,"42":0,"43":5},"f":{"0":1,"1":1,"2":3,"3":3,"4":0,"5":0,"6":1,"7":1,"8":1,"9":1,"10":0,"11":0},"b":{"0":[0],"1":[0],"2":[0],"3":[0],"4":[0],"5":[0]}}
,"C:\\Users\\Darius\\Desktop\\Projects\\everhoury\\everhoury_backend\\controllers\\project.controller.ts": {"path":"C:\\Users\\Darius\\Desktop\\Projects\\everhoury\\everhoury_backend\\controllers\\project.controller.ts","statementMap":{"0":{"start":{"line":2,"column":0},"end":{"line":2,"column":63}},"1":{"start":{"line":3,"column":0},"end":{"line":3,"column":43}},"2":{"start":{"line":5,"column":22},"end":{"line":13,"column":2}},"3":{"start":{"line":5,"column":74},"end":{"line":13,"column":2}},"4":{"start":{"line":6,"column":2},"end":{"line":12,"column":null}},"5":{"start":{"line":7,"column":4},"end":{"line":7,"column":49}},"6":{"start":{"line":9,"column":4},"end":{"line":11,"column":null}},"7":{"start":{"line":10,"column":6},"end":{"line":10,"column":18}},"8":{"start":{"line":5,"column":13},"end":{"line":5,"column":22}},"9":{"start":{"line":15,"column":22},"end":{"line":23,"column":2}},"10":{"start":{"line":15,"column":50},"end":{"line":23,"column":2}},"11":{"start":{"line":16,"column":2},"end":{"line":22,"column":null}},"12":{"start":{"line":17,"column":4},"end":{"line":17,"column":43}},"13":{"start":{"line":19,"column":4},"end":{"line":21,"column":null}},"14":{"start":{"line":20,"column":6},"end":{"line":20,"column":18}},"15":{"start":{"line":15,"column":13},"end":{"line":15,"column":22}},"16":{"start":{"line":25,"column":22},"end":{"line":33,"column":2}},"17":{"start":{"line":25,"column":80},"end":{"line":33,"column":2}},"18":{"start":{"line":26,"column":2},"end":{"line":32,"column":null}},"19":{"start":{"line":27,"column":4},"end":{"line":27,"column":56}},"20":{"start":{"line":29,"column":4},"end":{"line":31,"column":null}},"21":{"start":{"line":30,"column":6},"end":{"line":30,"column":18}},"22":{"start":{"line":25,"column":13},"end":{"line":25,"column":22}},"23":{"start":{"line":35,"column":23},"end":{"line":43,"column":null}},"24":{"start":{"line":35,"column":44},"end":{"line":43,"column":null}},"25":{"start":{"line":36,"column":2},"end":{"line":42,"column":null}},"26":{"start":{"line":37,"column":4},"end":{"line":37,"column":37}},"27":{"start":{"line":39,"column":4},"end":{"line":41,"column":null}},"28":{"start":{"line":40,"column":6},"end":{"line":40,"column":18}},"29":{"start":{"line":35,"column":13},"end":{"line":35,"column":23}},"30":{"start":{"line":45,"column":22},"end":{"line":53,"column":null}},"31":{"start":{"line":45,"column":77},"end":{"line":53,"column":null}},"32":{"start":{"line":46,"column":2},"end":{"line":52,"column":null}},"33":{"start":{"line":47,"column":4},"end":{"line":47,"column":52}},"34":{"start":{"line":49,"column":4},"end":{"line":51,"column":null}},"35":{"start":{"line":50,"column":6},"end":{"line":50,"column":18}},"36":{"start":{"line":45,"column":13},"end":{"line":45,"column":22}},"37":{"start":{"line":55,"column":37},"end":{"line":63,"column":null}},"38":{"start":{"line":55,"column":65},"end":{"line":63,"column":null}},"39":{"start":{"line":56,"column":2},"end":{"line":62,"column":null}},"40":{"start":{"line":57,"column":4},"end":{"line":57,"column":58}},"41":{"start":{"line":59,"column":4},"end":{"line":61,"column":null}},"42":{"start":{"line":60,"column":6},"end":{"line":60,"column":18}},"43":{"start":{"line":55,"column":13},"end":{"line":55,"column":37}}},"fnMap":{"0":{"name":"(anonymous_13)","decl":{"start":{"line":5,"column":22},"end":{"line":5,"column":29}},"loc":{"start":{"line":5,"column":74},"end":{"line":13,"column":2}}},"1":{"name":"(anonymous_14)","decl":{"start":{"line":5,"column":74},"end":{"line":5,"column":null}},"loc":{"start":{"line":5,"column":74},"end":{"line":13,"column":1}}},"2":{"name":"(anonymous_15)","decl":{"start":{"line":15,"column":22},"end":{"line":15,"column":29}},"loc":{"start":{"line":15,"column":50},"end":{"line":23,"column":2}}},"3":{"name":"(anonymous_16)","decl":{"start":{"line":15,"column":50},"end":{"line":15,"column":null}},"loc":{"start":{"line":15,"column":50},"end":{"line":23,"column":1}}},"4":{"name":"(anonymous_17)","decl":{"start":{"line":25,"column":22},"end":{"line":25,"column":29}},"loc":{"start":{"line":25,"column":80},"end":{"line":33,"column":2}}},"5":{"name":"(anonymous_18)","decl":{"start":{"line":25,"column":80},"end":{"line":25,"column":null}},"loc":{"start":{"line":25,"column":80},"end":{"line":33,"column":1}}},"6":{"name":"(anonymous_19)","decl":{"start":{"line":35,"column":23},"end":{"line":35,"column":30}},"loc":{"start":{"line":35,"column":44},"end":{"line":43,"column":null}}},"7":{"name":"(anonymous_20)","decl":{"start":{"line":35,"column":44},"end":{"line":35,"column":null}},"loc":{"start":{"line":35,"column":44},"end":{"line":43,"column":1}}},"8":{"name":"(anonymous_21)","decl":{"start":{"line":45,"column":22},"end":{"line":45,"column":29}},"loc":{"start":{"line":45,"column":77},"end":{"line":53,"column":null}}},"9":{"name":"(anonymous_22)","decl":{"start":{"line":45,"column":77},"end":{"line":45,"column":null}},"loc":{"start":{"line":45,"column":77},"end":{"line":53,"column":1}}},"10":{"name":"(anonymous_23)","decl":{"start":{"line":55,"column":37},"end":{"line":55,"column":44}},"loc":{"start":{"line":55,"column":65},"end":{"line":63,"column":null}}},"11":{"name":"(anonymous_24)","decl":{"start":{"line":55,"column":65},"end":{"line":55,"column":null}},"loc":{"start":{"line":55,"column":65},"end":{"line":63,"column":1}}}},"branchMap":{"0":{"loc":{"start":{"line":9,"column":4},"end":{"line":11,"column":null}},"type":"if","locations":[{"start":{"line":9,"column":4},"end":{"line":11,"column":null}}]},"1":{"loc":{"start":{"line":19,"column":4},"end":{"line":21,"column":null}},"type":"if","locations":[{"start":{"line":19,"column":4},"end":{"line":21,"column":null}}]},"2":{"loc":{"start":{"line":29,"column":4},"end":{"line":31,"column":null}},"type":"if","locations":[{"start":{"line":29,"column":4},"end":{"line":31,"column":null}}]},"3":{"loc":{"start":{"line":39,"column":4},"end":{"line":41,"column":null}},"type":"if","locations":[{"start":{"line":39,"column":4},"end":{"line":41,"column":null}}]},"4":{"loc":{"start":{"line":49,"column":4},"end":{"line":51,"column":null}},"type":"if","locations":[{"start":{"line":49,"column":4},"end":{"line":51,"column":null}}]},"5":{"loc":{"start":{"line":59,"column":4},"end":{"line":61,"column":null}},"type":"if","locations":[{"start":{"line":59,"column":4},"end":{"line":61,"column":null}}]}},"s":{"0":5,"1":5,"2":5,"3":1,"4":1,"5":1,"6":1,"7":1,"8":5,"9":5,"10":0,"11":0,"12":0,"13":0,"14":0,"15":5,"16":5,"17":2,"18":2,"19":2,"20":0,"21":0,"22":5,"23":5,"24":2,"25":2,"26":2,"27":1,"28":1,"29":5,"30":5,"31":1,"32":1,"33":1,"34":1,"35":1,"36":5,"37":5,"38":1,"39":1,"40":1,"41":0,"42":0,"43":5},"f":{"0":1,"1":1,"2":0,"3":0,"4":2,"5":2,"6":2,"7":2,"8":1,"9":1,"10":1,"11":1},"b":{"0":[1],"1":[0],"2":[0],"3":[1],"4":[1],"5":[0]}}
,"C:\\Users\\Darius\\Desktop\\Projects\\everhoury\\everhoury_backend\\controllers\\report.controller.ts": {"path":"C:\\Users\\Darius\\Desktop\\Projects\\everhoury\\everhoury_backend\\controllers\\report.controller.ts","statementMap":{"0":{"start":{"line":1,"column":0},"end":{"line":1,"column":61}},"1":{"start":{"line":2,"column":0},"end":{"line":2,"column":43}},"2":{"start":{"line":4,"column":38},"end":{"line":12,"column":2}},"3":{"start":{"line":4,"column":112},"end":{"line":12,"column":2}},"4":{"start":{"line":5,"column":2},"end":{"line":11,"column":null}},"5":{"start":{"line":6,"column":4},"end":{"line":6,"column":81}},"6":{"start":{"line":8,"column":4},"end":{"line":10,"column":null}},"7":{"start":{"line":9,"column":6},"end":{"line":9,"column":18}},"8":{"start":{"line":4,"column":13},"end":{"line":4,"column":38}},"9":{"start":{"line":14,"column":35},"end":{"line":22,"column":null}},"10":{"start":{"line":14,"column":74},"end":{"line":22,"column":null}},"11":{"start":{"line":15,"column":2},"end":{"line":21,"column":null}},"12":{"start":{"line":16,"column":4},"end":{"line":16,"column":59}},"13":{"start":{"line":18,"column":4},"end":{"line":20,"column":null}},"14":{"start":{"line":19,"column":6},"end":{"line":19,"column":18}},"15":{"start":{"line":14,"column":13},"end":{"line":14,"column":35}}},"fnMap":{"0":{"name":"(anonymous_13)","decl":{"start":{"line":4,"column":38},"end":{"line":4,"column":45}},"loc":{"start":{"line":4,"column":112},"end":{"line":12,"column":2}}},"1":{"name":"(anonymous_14)","decl":{"start":{"line":4,"column":112},"end":{"line":4,"column":null}},"loc":{"start":{"line":4,"column":112},"end":{"line":12,"column":1}}},"2":{"name":"(anonymous_15)","decl":{"start":{"line":14,"column":35},"end":{"line":14,"column":42}},"loc":{"start":{"line":14,"column":74},"end":{"line":22,"column":null}}},"3":{"name":"(anonymous_16)","decl":{"start":{"line":14,"column":74},"end":{"line":14,"column":null}},"loc":{"start":{"line":14,"column":74},"end":{"line":22,"column":1}}}},"branchMap":{"0":{"loc":{"start":{"line":8,"column":4},"end":{"line":10,"column":null}},"type":"if","locations":[{"start":{"line":8,"column":4},"end":{"line":10,"column":null}}]},"1":{"loc":{"start":{"line":18,"column":4},"end":{"line":20,"column":null}},"type":"if","locations":[{"start":{"line":18,"column":4},"end":{"line":20,"column":null}}]}},"s":{"0":5,"1":5,"2":5,"3":0,"4":0,"5":0,"6":0,"7":0,"8":5,"9":5,"10":0,"11":0,"12":0,"13":0,"14":0,"15":5},"f":{"0":0,"1":0,"2":0,"3":0},"b":{"0":[0],"1":[0]}}
,"C:\\Users\\Darius\\Desktop\\Projects\\everhoury\\everhoury_backend\\controllers\\task.controller.ts": {"path":"C:\\Users\\Darius\\Desktop\\Projects\\everhoury\\everhoury_backend\\controllers\\task.controller.ts","statementMap":{"0":{"start":{"line":1,"column":0},"end":{"line":1,"column":57}},"1":{"start":{"line":3,"column":0},"end":{"line":3,"column":43}},"2":{"start":{"line":5,"column":22},"end":{"line":13,"column":2}},"3":{"start":{"line":5,"column":75},"end":{"line":13,"column":2}},"4":{"start":{"line":6,"column":2},"end":{"line":12,"column":null}},"5":{"start":{"line":7,"column":4},"end":{"line":7,"column":52}},"6":{"start":{"line":9,"column":4},"end":{"line":11,"column":null}},"7":{"start":{"line":10,"column":6},"end":{"line":10,"column":18}},"8":{"start":{"line":5,"column":13},"end":{"line":5,"column":22}},"9":{"start":{"line":15,"column":22},"end":{"line":23,"column":2}},"10":{"start":{"line":15,"column":47},"end":{"line":23,"column":2}},"11":{"start":{"line":16,"column":2},"end":{"line":22,"column":null}},"12":{"start":{"line":17,"column":4},"end":{"line":17,"column":40}},"13":{"start":{"line":19,"column":4},"end":{"line":21,"column":null}},"14":{"start":{"line":20,"column":6},"end":{"line":20,"column":18}},"15":{"start":{"line":15,"column":13},"end":{"line":15,"column":22}},"16":{"start":{"line":25,"column":26},"end":{"line":33,"column":2}},"17":{"start":{"line":25,"column":51},"end":{"line":33,"column":2}},"18":{"start":{"line":26,"column":2},"end":{"line":32,"column":null}},"19":{"start":{"line":27,"column":4},"end":{"line":27,"column":44}},"20":{"start":{"line":29,"column":4},"end":{"line":31,"column":null}},"21":{"start":{"line":30,"column":6},"end":{"line":30,"column":18}},"22":{"start":{"line":25,"column":13},"end":{"line":25,"column":26}},"23":{"start":{"line":36,"column":35},"end":{"line":44,"column":2}},"24":{"start":{"line":36,"column":63},"end":{"line":44,"column":2}},"25":{"start":{"line":37,"column":2},"end":{"line":43,"column":null}},"26":{"start":{"line":38,"column":4},"end":{"line":38,"column":56}},"27":{"start":{"line":40,"column":4},"end":{"line":42,"column":null}},"28":{"start":{"line":41,"column":6},"end":{"line":41,"column":18}},"29":{"start":{"line":36,"column":13},"end":{"line":36,"column":35}},"30":{"start":{"line":45,"column":28},"end":{"line":53,"column":null}},"31":{"start":{"line":45,"column":53},"end":{"line":53,"column":null}},"32":{"start":{"line":46,"column":2},"end":{"line":52,"column":null}},"33":{"start":{"line":47,"column":4},"end":{"line":47,"column":46}},"34":{"start":{"line":49,"column":4},"end":{"line":51,"column":null}},"35":{"start":{"line":50,"column":6},"end":{"line":50,"column":18}},"36":{"start":{"line":45,"column":13},"end":{"line":45,"column":28}},"37":{"start":{"line":55,"column":33},"end":{"line":63,"column":null}},"38":{"start":{"line":55,"column":100},"end":{"line":63,"column":null}},"39":{"start":{"line":56,"column":2},"end":{"line":62,"column":null}},"40":{"start":{"line":57,"column":4},"end":{"line":57,"column":70}},"41":{"start":{"line":59,"column":4},"end":{"line":61,"column":null}},"42":{"start":{"line":60,"column":6},"end":{"line":60,"column":18}},"43":{"start":{"line":55,"column":13},"end":{"line":55,"column":33}},"44":{"start":{"line":65,"column":26},"end":{"line":73,"column":2}},"45":{"start":{"line":65,"column":75},"end":{"line":73,"column":2}},"46":{"start":{"line":66,"column":2},"end":{"line":72,"column":null}},"47":{"start":{"line":67,"column":4},"end":{"line":67,"column":53}},"48":{"start":{"line":69,"column":4},"end":{"line":71,"column":null}},"49":{"start":{"line":70,"column":6},"end":{"line":70,"column":18}},"50":{"start":{"line":65,"column":13},"end":{"line":65,"column":26}},"51":{"start":{"line":76,"column":28},"end":{"line":82,"column":null}},"52":{"start":{"line":76,"column":48},"end":{"line":82,"column":null}},"53":{"start":{"line":77,"column":2},"end":{"line":81,"column":null}},"54":{"start":{"line":78,"column":4},"end":{"line":78,"column":44}},"55":{"start":{"line":80,"column":4},"end":{"line":80,"column":16}},"56":{"start":{"line":76,"column":13},"end":{"line":76,"column":28}}},"fnMap":{"0":{"name":"(anonymous_13)","decl":{"start":{"line":5,"column":22},"end":{"line":5,"column":29}},"loc":{"start":{"line":5,"column":75},"end":{"line":13,"column":2}}},"1":{"name":"(anonymous_14)","decl":{"start":{"line":5,"column":75},"end":{"line":5,"column":null}},"loc":{"start":{"line":5,"column":75},"end":{"line":13,"column":1}}},"2":{"name":"(anonymous_15)","decl":{"start":{"line":15,"column":22},"end":{"line":15,"column":29}},"loc":{"start":{"line":15,"column":47},"end":{"line":23,"column":2}}},"3":{"name":"(anonymous_16)","decl":{"start":{"line":15,"column":47},"end":{"line":15,"column":null}},"loc":{"start":{"line":15,"column":47},"end":{"line":23,"column":1}}},"4":{"name":"(anonymous_17)","decl":{"start":{"line":25,"column":26},"end":{"line":25,"column":33}},"loc":{"start":{"line":25,"column":51},"end":{"line":33,"column":2}}},"5":{"name":"(anonymous_18)","decl":{"start":{"line":25,"column":51},"end":{"line":25,"column":null}},"loc":{"start":{"line":25,"column":51},"end":{"line":33,"column":1}}},"6":{"name":"(anonymous_19)","decl":{"start":{"line":36,"column":35},"end":{"line":36,"column":42}},"loc":{"start":{"line":36,"column":63},"end":{"line":44,"column":2}}},"7":{"name":"(anonymous_20)","decl":{"start":{"line":36,"column":63},"end":{"line":36,"column":null}},"loc":{"start":{"line":36,"column":63},"end":{"line":44,"column":1}}},"8":{"name":"(anonymous_21)","decl":{"start":{"line":45,"column":28},"end":{"line":45,"column":35}},"loc":{"start":{"line":45,"column":53},"end":{"line":53,"column":null}}},"9":{"name":"(anonymous_22)","decl":{"start":{"line":45,"column":53},"end":{"line":45,"column":null}},"loc":{"start":{"line":45,"column":53},"end":{"line":53,"column":1}}},"10":{"name":"(anonymous_23)","decl":{"start":{"line":55,"column":33},"end":{"line":55,"column":40}},"loc":{"start":{"line":55,"column":100},"end":{"line":63,"column":null}}},"11":{"name":"(anonymous_24)","decl":{"start":{"line":55,"column":100},"end":{"line":55,"column":null}},"loc":{"start":{"line":55,"column":100},"end":{"line":63,"column":1}}},"12":{"name":"(anonymous_25)","decl":{"start":{"line":65,"column":26},"end":{"line":65,"column":33}},"loc":{"start":{"line":65,"column":75},"end":{"line":73,"column":2}}},"13":{"name":"(anonymous_26)","decl":{"start":{"line":65,"column":75},"end":{"line":65,"column":null}},"loc":{"start":{"line":65,"column":75},"end":{"line":73,"column":1}}},"14":{"name":"(anonymous_27)","decl":{"start":{"line":76,"column":28},"end":{"line":76,"column":35}},"loc":{"start":{"line":76,"column":48},"end":{"line":82,"column":null}}},"15":{"name":"(anonymous_28)","decl":{"start":{"line":76,"column":48},"end":{"line":76,"column":null}},"loc":{"start":{"line":76,"column":48},"end":{"line":82,"column":1}}}},"branchMap":{"0":{"loc":{"start":{"line":9,"column":4},"end":{"line":11,"column":null}},"type":"if","locations":[{"start":{"line":9,"column":4},"end":{"line":11,"column":null}}]},"1":{"loc":{"start":{"line":19,"column":4},"end":{"line":21,"column":null}},"type":"if","locations":[{"start":{"line":19,"column":4},"end":{"line":21,"column":null}}]},"2":{"loc":{"start":{"line":29,"column":4},"end":{"line":31,"column":null}},"type":"if","locations":[{"start":{"line":29,"column":4},"end":{"line":31,"column":null}}]},"3":{"loc":{"start":{"line":40,"column":4},"end":{"line":42,"column":null}},"type":"if","locations":[{"start":{"line":40,"column":4},"end":{"line":42,"column":null}}]},"4":{"loc":{"start":{"line":49,"column":4},"end":{"line":51,"column":null}},"type":"if","locations":[{"start":{"line":49,"column":4},"end":{"line":51,"column":null}}]},"5":{"loc":{"start":{"line":59,"column":4},"end":{"line":61,"column":null}},"type":"if","locations":[{"start":{"line":59,"column":4},"end":{"line":61,"column":null}}]},"6":{"loc":{"start":{"line":69,"column":4},"end":{"line":71,"column":null}},"type":"if","locations":[{"start":{"line":69,"column":4},"end":{"line":71,"column":null}}]}},"s":{"0":5,"1":5,"2":5,"3":1,"4":1,"5":1,"6":0,"7":0,"8":5,"9":5,"10":5,"11":5,"12":5,"13":0,"14":0,"15":5,"16":5,"17":1,"18":1,"19":1,"20":0,"21":0,"22":5,"23":5,"24":0,"25":0,"26":0,"27":0,"28":0,"29":5,"30":5,"31":0,"32":0,"33":0,"34":0,"35":0,"36":5,"37":5,"38":0,"39":0,"40":0,"41":0,"42":0,"43":5,"44":5,"45":1,"46":1,"47":1,"48":0,"49":0,"50":5,"51":5,"52":0,"53":0,"54":0,"55":0,"56":5},"f":{"0":1,"1":1,"2":5,"3":5,"4":1,"5":1,"6":0,"7":0,"8":0,"9":0,"10":0,"11":0,"12":1,"13":1,"14":0,"15":0},"b":{"0":[0],"1":[0],"2":[0],"3":[0],"4":[0],"5":[0],"6":[0]}}
,"C:\\Users\\Darius\\Desktop\\Projects\\everhoury\\everhoury_backend\\controllers\\timer.controller.ts": {"path":"C:\\Users\\Darius\\Desktop\\Projects\\everhoury\\everhoury_backend\\controllers\\timer.controller.ts","statementMap":{"0":{"start":{"line":2,"column":0},"end":{"line":2,"column":59}},"1":{"start":{"line":3,"column":0},"end":{"line":3,"column":43}},"2":{"start":{"line":5,"column":21},"end":{"line":13,"column":2}},"3":{"start":{"line":5,"column":62},"end":{"line":13,"column":2}},"4":{"start":{"line":6,"column":2},"end":{"line":12,"column":null}},"5":{"start":{"line":7,"column":4},"end":{"line":7,"column":47}},"6":{"start":{"line":9,"column":4},"end":{"line":11,"column":null}},"7":{"start":{"line":10,"column":6},"end":{"line":10,"column":18}},"8":{"start":{"line":5,"column":13},"end":{"line":5,"column":21}},"9":{"start":{"line":15,"column":20},"end":{"line":23,"column":null}},"10":{"start":{"line":15,"column":45},"end":{"line":23,"column":null}},"11":{"start":{"line":16,"column":2},"end":{"line":22,"column":null}},"12":{"start":{"line":17,"column":4},"end":{"line":17,"column":38}},"13":{"start":{"line":19,"column":4},"end":{"line":21,"column":null}},"14":{"start":{"line":20,"column":6},"end":{"line":20,"column":18}},"15":{"start":{"line":15,"column":13},"end":{"line":15,"column":20}},"16":{"start":{"line":25,"column":30},"end":{"line":33,"column":null}},"17":{"start":{"line":25,"column":55},"end":{"line":33,"column":null}},"18":{"start":{"line":26,"column":2},"end":{"line":32,"column":null}},"19":{"start":{"line":27,"column":4},"end":{"line":27,"column":48}},"20":{"start":{"line":29,"column":4},"end":{"line":31,"column":null}},"21":{"start":{"line":30,"column":6},"end":{"line":30,"column":18}},"22":{"start":{"line":25,"column":13},"end":{"line":25,"column":30}},"23":{"start":{"line":35,"column":31},"end":{"line":43,"column":null}},"24":{"start":{"line":35,"column":56},"end":{"line":43,"column":null}},"25":{"start":{"line":36,"column":2},"end":{"line":42,"column":null}},"26":{"start":{"line":37,"column":4},"end":{"line":37,"column":56}},"27":{"start":{"line":39,"column":4},"end":{"line":41,"column":null}},"28":{"start":{"line":40,"column":6},"end":{"line":40,"column":18}},"29":{"start":{"line":35,"column":13},"end":{"line":35,"column":31}},"30":{"start":{"line":46,"column":27},"end":{"line":54,"column":null}},"31":{"start":{"line":46,"column":79},"end":{"line":54,"column":null}},"32":{"start":{"line":47,"column":2},"end":{"line":53,"column":null}},"33":{"start":{"line":48,"column":4},"end":{"line":48,"column":55}},"34":{"start":{"line":50,"column":4},"end":{"line":52,"column":null}},"35":{"start":{"line":51,"column":6},"end":{"line":51,"column":18}},"36":{"start":{"line":46,"column":13},"end":{"line":46,"column":27}}},"fnMap":{"0":{"name":"(anonymous_13)","decl":{"start":{"line":5,"column":21},"end":{"line":5,"column":28}},"loc":{"start":{"line":5,"column":62},"end":{"line":13,"column":2}}},"1":{"name":"(anonymous_14)","decl":{"start":{"line":5,"column":62},"end":{"line":5,"column":null}},"loc":{"start":{"line":5,"column":62},"end":{"line":13,"column":1}}},"2":{"name":"(anonymous_15)","decl":{"start":{"line":15,"column":20},"end":{"line":15,"column":27}},"loc":{"start":{"line":15,"column":45},"end":{"line":23,"column":null}}},"3":{"name":"(anonymous_16)","decl":{"start":{"line":15,"column":45},"end":{"line":15,"column":null}},"loc":{"start":{"line":15,"column":45},"end":{"line":23,"column":1}}},"4":{"name":"(anonymous_17)","decl":{"start":{"line":25,"column":30},"end":{"line":25,"column":37}},"loc":{"start":{"line":25,"column":55},"end":{"line":33,"column":null}}},"5":{"name":"(anonymous_18)","decl":{"start":{"line":25,"column":55},"end":{"line":25,"column":null}},"loc":{"start":{"line":25,"column":55},"end":{"line":33,"column":1}}},"6":{"name":"(anonymous_19)","decl":{"start":{"line":35,"column":31},"end":{"line":35,"column":38}},"loc":{"start":{"line":35,"column":56},"end":{"line":43,"column":null}}},"7":{"name":"(anonymous_20)","decl":{"start":{"line":35,"column":56},"end":{"line":35,"column":null}},"loc":{"start":{"line":35,"column":56},"end":{"line":43,"column":1}}},"8":{"name":"(anonymous_21)","decl":{"start":{"line":46,"column":27},"end":{"line":46,"column":34}},"loc":{"start":{"line":46,"column":79},"end":{"line":54,"column":null}}},"9":{"name":"(anonymous_22)","decl":{"start":{"line":46,"column":79},"end":{"line":46,"column":null}},"loc":{"start":{"line":46,"column":79},"end":{"line":54,"column":1}}}},"branchMap":{"0":{"loc":{"start":{"line":9,"column":4},"end":{"line":11,"column":null}},"type":"if","locations":[{"start":{"line":9,"column":4},"end":{"line":11,"column":null}}]},"1":{"loc":{"start":{"line":19,"column":4},"end":{"line":21,"column":null}},"type":"if","locations":[{"start":{"line":19,"column":4},"end":{"line":21,"column":null}}]},"2":{"loc":{"start":{"line":29,"column":4},"end":{"line":31,"column":null}},"type":"if","locations":[{"start":{"line":29,"column":4},"end":{"line":31,"column":null}}]},"3":{"loc":{"start":{"line":39,"column":4},"end":{"line":41,"column":null}},"type":"if","locations":[{"start":{"line":39,"column":4},"end":{"line":41,"column":null}}]},"4":{"loc":{"start":{"line":50,"column":4},"end":{"line":52,"column":null}},"type":"if","locations":[{"start":{"line":50,"column":4},"end":{"line":52,"column":null}}]}},"s":{"0":5,"1":5,"2":5,"3":0,"4":0,"5":0,"6":0,"7":0,"8":5,"9":5,"10":0,"11":0,"12":0,"13":0,"14":0,"15":5,"16":5,"17":1,"18":1,"19":1,"20":0,"21":0,"22":5,"23":5,"24":0,"25":0,"26":0,"27":0,"28":0,"29":5,"30":5,"31":0,"32":0,"33":0,"34":0,"35":0,"36":5},"f":{"0":0,"1":0,"2":0,"3":0,"4":1,"5":1,"6":0,"7":0,"8":0,"9":0},"b":{"0":[0],"1":[0],"2":[0],"3":[0],"4":[0]}}
,"C:\\Users\\Darius\\Desktop\\Projects\\everhoury\\everhoury_backend\\controllers\\user.controller.ts": {"path":"C:\\Users\\Darius\\Desktop\\Projects\\everhoury\\everhoury_backend\\controllers\\user.controller.ts","statementMap":{"0":{"start":{"line":1,"column":0},"end":{"line":1,"column":57}},"1":{"start":{"line":3,"column":0},"end":{"line":3,"column":43}},"2":{"start":{"line":5,"column":22},"end":{"line":13,"column":2}},"3":{"start":{"line":5,"column":55},"end":{"line":13,"column":2}},"4":{"start":{"line":6,"column":2},"end":{"line":12,"column":null}},"5":{"start":{"line":7,"column":4},"end":{"line":7,"column":41}},"6":{"start":{"line":9,"column":4},"end":{"line":11,"column":null}},"7":{"start":{"line":10,"column":6},"end":{"line":10,"column":18}},"8":{"start":{"line":5,"column":13},"end":{"line":5,"column":22}},"9":{"start":{"line":15,"column":22},"end":{"line":23,"column":2}},"10":{"start":{"line":15,"column":33},"end":{"line":23,"column":2}},"11":{"start":{"line":16,"column":2},"end":{"line":22,"column":null}},"12":{"start":{"line":17,"column":4},"end":{"line":17,"column":34}},"13":{"start":{"line":19,"column":4},"end":{"line":21,"column":null}},"14":{"start":{"line":20,"column":6},"end":{"line":20,"column":18}},"15":{"start":{"line":15,"column":13},"end":{"line":15,"column":22}},"16":{"start":{"line":25,"column":21},"end":{"line":33,"column":2}},"17":{"start":{"line":25,"column":56},"end":{"line":33,"column":2}},"18":{"start":{"line":26,"column":2},"end":{"line":32,"column":null}},"19":{"start":{"line":27,"column":4},"end":{"line":27,"column":47}},"20":{"start":{"line":29,"column":4},"end":{"line":31,"column":null}},"21":{"start":{"line":30,"column":6},"end":{"line":30,"column":18}},"22":{"start":{"line":25,"column":13},"end":{"line":25,"column":21}},"23":{"start":{"line":35,"column":22},"end":{"line":43,"column":2}},"24":{"start":{"line":35,"column":71},"end":{"line":43,"column":2}},"25":{"start":{"line":36,"column":2},"end":{"line":42,"column":null}},"26":{"start":{"line":37,"column":4},"end":{"line":37,"column":49}},"27":{"start":{"line":39,"column":4},"end":{"line":41,"column":null}},"28":{"start":{"line":40,"column":6},"end":{"line":40,"column":18}},"29":{"start":{"line":35,"column":13},"end":{"line":35,"column":22}},"30":{"start":{"line":45,"column":23},"end":{"line":53,"column":null}},"31":{"start":{"line":45,"column":47},"end":{"line":53,"column":null}},"32":{"start":{"line":46,"column":2},"end":{"line":52,"column":null}},"33":{"start":{"line":47,"column":4},"end":{"line":47,"column":40}},"34":{"start":{"line":49,"column":4},"end":{"line":51,"column":null}},"35":{"start":{"line":50,"column":6},"end":{"line":50,"column":18}},"36":{"start":{"line":45,"column":13},"end":{"line":45,"column":23}},"37":{"start":{"line":55,"column":30},"end":{"line":63,"column":null}},"38":{"start":{"line":55,"column":54},"end":{"line":63,"column":null}},"39":{"start":{"line":56,"column":2},"end":{"line":62,"column":null}},"40":{"start":{"line":57,"column":4},"end":{"line":57,"column":59}},"41":{"start":{"line":59,"column":4},"end":{"line":61,"column":null}},"42":{"start":{"line":60,"column":6},"end":{"line":60,"column":18}},"43":{"start":{"line":55,"column":13},"end":{"line":55,"column":30}},"44":{"start":{"line":65,"column":32},"end":{"line":73,"column":null}},"45":{"start":{"line":65,"column":57},"end":{"line":73,"column":null}},"46":{"start":{"line":66,"column":2},"end":{"line":72,"column":null}},"47":{"start":{"line":67,"column":4},"end":{"line":67,"column":54}},"48":{"start":{"line":69,"column":4},"end":{"line":71,"column":null}},"49":{"start":{"line":70,"column":6},"end":{"line":70,"column":18}},"50":{"start":{"line":65,"column":13},"end":{"line":65,"column":32}},"51":{"start":{"line":75,"column":26},"end":{"line":83,"column":null}},"52":{"start":{"line":75,"column":47},"end":{"line":83,"column":null}},"53":{"start":{"line":76,"column":2},"end":{"line":82,"column":null}},"54":{"start":{"line":77,"column":4},"end":{"line":77,"column":40}},"55":{"start":{"line":79,"column":4},"end":{"line":81,"column":null}},"56":{"start":{"line":80,"column":6},"end":{"line":80,"column":18}},"57":{"start":{"line":75,"column":13},"end":{"line":75,"column":26}},"58":{"start":{"line":86,"column":33},"end":{"line":94,"column":null}},"59":{"start":{"line":86,"column":44},"end":{"line":94,"column":null}},"60":{"start":{"line":87,"column":2},"end":{"line":93,"column":null}},"61":{"start":{"line":88,"column":4},"end":{"line":88,"column":47}},"62":{"start":{"line":90,"column":4},"end":{"line":92,"column":null}},"63":{"start":{"line":91,"column":6},"end":{"line":91,"column":18}},"64":{"start":{"line":86,"column":13},"end":{"line":86,"column":33}},"65":{"start":{"line":96,"column":39},"end":{"line":104,"column":null}},"66":{"start":{"line":96,"column":63},"end":{"line":104,"column":null}},"67":{"start":{"line":97,"column":2},"end":{"line":103,"column":null}},"68":{"start":{"line":98,"column":4},"end":{"line":98,"column":57}},"69":{"start":{"line":100,"column":4},"end":{"line":102,"column":null}},"70":{"start":{"line":101,"column":6},"end":{"line":101,"column":18}},"71":{"start":{"line":96,"column":13},"end":{"line":96,"column":39}},"72":{"start":{"line":106,"column":31},"end":{"line":114,"column":null}},"73":{"start":{"line":106,"column":73},"end":{"line":114,"column":null}},"74":{"start":{"line":107,"column":2},"end":{"line":113,"column":null}},"75":{"start":{"line":108,"column":4},"end":{"line":108,"column":56}},"76":{"start":{"line":110,"column":4},"end":{"line":112,"column":null}},"77":{"start":{"line":111,"column":6},"end":{"line":111,"column":18}},"78":{"start":{"line":106,"column":13},"end":{"line":106,"column":31}}},"fnMap":{"0":{"name":"(anonymous_13)","decl":{"start":{"line":5,"column":22},"end":{"line":5,"column":29}},"loc":{"start":{"line":5,"column":55},"end":{"line":13,"column":2}}},"1":{"name":"(anonymous_14)","decl":{"start":{"line":5,"column":55},"end":{"line":5,"column":null}},"loc":{"start":{"line":5,"column":55},"end":{"line":13,"column":1}}},"2":{"name":"(anonymous_15)","decl":{"start":{"line":15,"column":22},"end":{"line":15,"column":31}},"loc":{"start":{"line":15,"column":33},"end":{"line":23,"column":2}}},"3":{"name":"(anonymous_16)","decl":{"start":{"line":15,"column":33},"end":{"line":15,"column":null}},"loc":{"start":{"line":15,"column":33},"end":{"line":23,"column":1}}},"4":{"name":"(anonymous_17)","decl":{"start":{"line":25,"column":21},"end":{"line":25,"column":28}},"loc":{"start":{"line":25,"column":56},"end":{"line":33,"column":2}}},"5":{"name":"(anonymous_18)","decl":{"start":{"line":25,"column":56},"end":{"line":25,"column":null}},"loc":{"start":{"line":25,"column":56},"end":{"line":33,"column":1}}},"6":{"name":"(anonymous_19)","decl":{"start":{"line":35,"column":22},"end":{"line":35,"column":29}},"loc":{"start":{"line":35,"column":71},"end":{"line":43,"column":2}}},"7":{"name":"(anonymous_20)","decl":{"start":{"line":35,"column":71},"end":{"line":35,"column":null}},"loc":{"start":{"line":35,"column":71},"end":{"line":43,"column":1}}},"8":{"name":"(anonymous_21)","decl":{"start":{"line":45,"column":23},"end":{"line":45,"column":30}},"loc":{"start":{"line":45,"column":47},"end":{"line":53,"column":null}}},"9":{"name":"(anonymous_22)","decl":{"start":{"line":45,"column":47},"end":{"line":45,"column":null}},"loc":{"start":{"line":45,"column":47},"end":{"line":53,"column":1}}},"10":{"name":"(anonymous_23)","decl":{"start":{"line":55,"column":30},"end":{"line":55,"column":37}},"loc":{"start":{"line":55,"column":54},"end":{"line":63,"column":null}}},"11":{"name":"(anonymous_24)","decl":{"start":{"line":55,"column":54},"end":{"line":55,"column":null}},"loc":{"start":{"line":55,"column":54},"end":{"line":63,"column":1}}},"12":{"name":"(anonymous_25)","decl":{"start":{"line":65,"column":32},"end":{"line":65,"column":39}},"loc":{"start":{"line":65,"column":57},"end":{"line":73,"column":null}}},"13":{"name":"(anonymous_26)","decl":{"start":{"line":65,"column":57},"end":{"line":65,"column":null}},"loc":{"start":{"line":65,"column":57},"end":{"line":73,"column":1}}},"14":{"name":"(anonymous_27)","decl":{"start":{"line":75,"column":26},"end":{"line":75,"column":33}},"loc":{"start":{"line":75,"column":47},"end":{"line":83,"column":null}}},"15":{"name":"(anonymous_28)","decl":{"start":{"line":75,"column":47},"end":{"line":75,"column":null}},"loc":{"start":{"line":75,"column":47},"end":{"line":83,"column":1}}},"16":{"name":"(anonymous_29)","decl":{"start":{"line":86,"column":33},"end":{"line":86,"column":42}},"loc":{"start":{"line":86,"column":44},"end":{"line":94,"column":null}}},"17":{"name":"(anonymous_30)","decl":{"start":{"line":86,"column":44},"end":{"line":86,"column":null}},"loc":{"start":{"line":86,"column":44},"end":{"line":94,"column":1}}},"18":{"name":"(anonymous_31)","decl":{"start":{"line":96,"column":39},"end":{"line":96,"column":46}},"loc":{"start":{"line":96,"column":63},"end":{"line":104,"column":null}}},"19":{"name":"(anonymous_32)","decl":{"start":{"line":96,"column":63},"end":{"line":96,"column":null}},"loc":{"start":{"line":96,"column":63},"end":{"line":104,"column":1}}},"20":{"name":"(anonymous_33)","decl":{"start":{"line":106,"column":31},"end":{"line":106,"column":38}},"loc":{"start":{"line":106,"column":73},"end":{"line":114,"column":null}}},"21":{"name":"(anonymous_34)","decl":{"start":{"line":106,"column":73},"end":{"line":106,"column":null}},"loc":{"start":{"line":106,"column":73},"end":{"line":114,"column":1}}}},"branchMap":{"0":{"loc":{"start":{"line":9,"column":4},"end":{"line":11,"column":null}},"type":"if","locations":[{"start":{"line":9,"column":4},"end":{"line":11,"column":null}}]},"1":{"loc":{"start":{"line":19,"column":4},"end":{"line":21,"column":null}},"type":"if","locations":[{"start":{"line":19,"column":4},"end":{"line":21,"column":null}}]},"2":{"loc":{"start":{"line":29,"column":4},"end":{"line":31,"column":null}},"type":"if","locations":[{"start":{"line":29,"column":4},"end":{"line":31,"column":null}}]},"3":{"loc":{"start":{"line":39,"column":4},"end":{"line":41,"column":null}},"type":"if","locations":[{"start":{"line":39,"column":4},"end":{"line":41,"column":null}}]},"4":{"loc":{"start":{"line":49,"column":4},"end":{"line":51,"column":null}},"type":"if","locations":[{"start":{"line":49,"column":4},"end":{"line":51,"column":null}}]},"5":{"loc":{"start":{"line":59,"column":4},"end":{"line":61,"column":null}},"type":"if","locations":[{"start":{"line":59,"column":4},"end":{"line":61,"column":null}}]},"6":{"loc":{"start":{"line":69,"column":4},"end":{"line":71,"column":null}},"type":"if","locations":[{"start":{"line":69,"column":4},"end":{"line":71,"column":null}}]},"7":{"loc":{"start":{"line":79,"column":4},"end":{"line":81,"column":null}},"type":"if","locations":[{"start":{"line":79,"column":4},"end":{"line":81,"column":null}}]},"8":{"loc":{"start":{"line":90,"column":4},"end":{"line":92,"column":null}},"type":"if","locations":[{"start":{"line":90,"column":4},"end":{"line":92,"column":null}}]},"9":{"loc":{"start":{"line":100,"column":4},"end":{"line":102,"column":null}},"type":"if","locations":[{"start":{"line":100,"column":4},"end":{"line":102,"column":null}}]},"10":{"loc":{"start":{"line":110,"column":4},"end":{"line":112,"column":null}},"type":"if","locations":[{"start":{"line":110,"column":4},"end":{"line":112,"column":null}}]}},"s":{"0":5,"1":5,"2":5,"3":0,"4":0,"5":0,"6":0,"7":0,"8":5,"9":5,"10":3,"11":3,"12":3,"13":0,"14":0,"15":5,"16":5,"17":28,"18":28,"19":28,"20":0,"21":0,"22":5,"23":5,"24":0,"25":0,"26":0,"27":0,"28":0,"29":5,"30":5,"31":1,"32":1,"33":1,"34":0,"35":0,"36":5,"37":5,"38":0,"39":0,"40":0,"41":0,"42":0,"43":5,"44":5,"45":0,"46":0,"47":0,"48":0,"49":0,"50":5,"51":5,"52":1,"53":1,"54":1,"55":0,"56":0,"57":5,"58":5,"59":0,"60":0,"61":0,"62":0,"63":0,"64":5,"65":5,"66":0,"67":0,"68":0,"69":0,"70":0,"71":5,"72":5,"73":0,"74":0,"75":0,"76":0,"77":0,"78":5},"f":{"0":0,"1":0,"2":3,"3":3,"4":28,"5":28,"6":0,"7":0,"8":1,"9":1,"10":0,"11":0,"12":0,"13":0,"14":1,"15":1,"16":0,"17":0,"18":0,"19":0,"20":0,"21":0},"b":{"0":[0],"1":[0],"2":[0],"3":[0],"4":[0],"5":[0],"6":[0],"7":[0],"8":[0],"9":[0],"10":[0]}}
,"C:\\Users\\Darius\\Desktop\\Projects\\everhoury\\everhoury_backend\\db\\config.ts": {"path":"C:\\Users\\Darius\\Desktop\\Projects\\everhoury\\everhoury_backend\\db\\config.ts","statementMap":{"0":{"start":{"line":1,"column":0},"end":{"line":1,"column":49}},"1":{"start":{"line":3,"column":28},"end":{"line":11,"column":2}},"2":{"start":{"line":13,"column":0},"end":{"line":13,"column":35}}},"fnMap":{},"branchMap":{},"s":{"0":5,"1":5,"2":5},"f":{},"b":{}}
,"C:\\Users\\Darius\\Desktop\\Projects\\everhoury\\everhoury_backend\\db\\index.ts": {"path":"C:\\Users\\Darius\\Desktop\\Projects\\everhoury\\everhoury_backend\\db\\index.ts","statementMap":{"0":{"start":{"line":1,"column":0},"end":{"line":1,"column":43}},"1":{"start":{"line":2,"column":0},"end":{"line":2,"column":39}},"2":{"start":{"line":3,"column":0},"end":{"line":3,"column":33}},"3":{"start":{"line":5,"column":0},"end":{"line":5,"column":33}},"4":{"start":{"line":6,"column":0},"end":{"line":6,"column":35}},"5":{"start":{"line":7,"column":0},"end":{"line":7,"column":48}},"6":{"start":{"line":8,"column":0},"end":{"line":8,"column":37}},"7":{"start":{"line":11,"column":0},"end":{"line":11,"column":null}},"8":{"start":{"line":12,"column":25},"end":{"line":18,"column":2}},"9":{"start":{"line":12,"column":36},"end":{"line":18,"column":2}},"10":{"start":{"line":13,"column":2},"end":{"line":17,"column":null}},"11":{"start":{"line":14,"column":4},"end":{"line":14,"column":68}},"12":{"start":{"line":15,"column":4},"end":{"line":15,"column":41}},"13":{"start":{"line":12,"column":13},"end":{"line":12,"column":25}}},"fnMap":{"0":{"name":"(anonymous_8)","decl":{"start":{"line":12,"column":25},"end":{"line":12,"column":34}},"loc":{"start":{"line":12,"column":36},"end":{"line":18,"column":2}}},"1":{"name":"(anonymous_9)","decl":{"start":{"line":12,"column":36},"end":{"line":12,"column":null}},"loc":{"start":{"line":12,"column":36},"end":{"line":18,"column":1}}}},"branchMap":{},"s":{"0":5,"1":5,"2":5,"3":5,"4":5,"5":5,"6":5,"7":5,"8":5,"9":5,"10":5,"11":5,"12":0,"13":5},"f":{"0":5,"1":5},"b":{}}
,"C:\\Users\\Darius\\Desktop\\Projects\\everhoury\\everhoury_backend\\db\\models\\client.ts": {"path":"C:\\Users\\Darius\\Desktop\\Projects\\everhoury\\everhoury_backend\\db\\models\\client.ts","statementMap":{"0":{"start":{"line":2,"column":0},"end":{"line":2,"column":84}},"1":{"start":{"line":4,"column":0},"end":{"line":4,"column":32}},"2":{"start":{"line":14,"column":0},"end":{"line":21,"column":null}},"3":{"start":{"line":17,"column":2},"end":{"line":17,"column":null}},"4":{"start":{"line":20,"column":2},"end":{"line":20,"column":null}},"5":{"start":{"line":19,"column":17},"end":{"line":19,"column":24}},"6":{"start":{"line":14,"column":6},"end":{"line":21,"column":null}},"7":{"start":{"line":23,"column":0},"end":{"line":23,"column":22}}},"fnMap":{"0":{"name":"(anonymous_3)","decl":{"start":{"line":19,"column":11},"end":{"line":19,"column":14}},"loc":{"start":{"line":19,"column":17},"end":{"line":19,"column":24}}}},"branchMap":{},"s":{"0":5,"1":5,"2":5,"3":5,"4":5,"5":10,"6":5,"7":5},"f":{"0":10},"b":{}}
,"C:\\Users\\Darius\\Desktop\\Projects\\everhoury\\everhoury_backend\\db\\models\\project.ts": {"path":"C:\\Users\\Darius\\Desktop\\Projects\\everhoury\\everhoury_backend\\db\\models\\project.ts","statementMap":{"0":{"start":{"line":2,"column":0},"end":{"line":2,"column":107}},"1":{"start":{"line":4,"column":0},"end":{"line":4,"column":30}},"2":{"start":{"line":5,"column":0},"end":{"line":5,"column":26}},"3":{"start":{"line":6,"column":0},"end":{"line":6,"column":26}},"4":{"start":{"line":7,"column":0},"end":{"line":7,"column":41}},"5":{"start":{"line":21,"column":0},"end":{"line":53,"column":null}},"6":{"start":{"line":27,"column":2},"end":{"line":27,"column":null}},"7":{"start":{"line":26,"column":23},"end":{"line":26,"column":27}},"8":{"start":{"line":26,"column":35},"end":{"line":26,"column":46}},"9":{"start":{"line":31,"column":2},"end":{"line":31,"column":null}},"10":{"start":{"line":29,"column":20},"end":{"line":29,"column":26}},"11":{"start":{"line":34,"column":2},"end":{"line":34,"column":null}},"12":{"start":{"line":33,"column":19},"end":{"line":33,"column":25}},"13":{"start":{"line":37,"column":2},"end":{"line":37,"column":null}},"14":{"start":{"line":36,"column":17},"end":{"line":36,"column":21}},"15":{"start":{"line":40,"column":2},"end":{"line":40,"column":null}},"16":{"start":{"line":43,"column":2},"end":{"line":43,"column":null}},"17":{"start":{"line":46,"column":2},"end":{"line":46,"column":null}},"18":{"start":{"line":49,"column":2},"end":{"line":49,"column":null}},"19":{"start":{"line":52,"column":2},"end":{"line":52,"column":null}},"20":{"start":{"line":21,"column":6},"end":{"line":53,"column":null}},"21":{"start":{"line":55,"column":0},"end":{"line":55,"column":23}}},"fnMap":{"0":{"name":"(anonymous_3)","decl":{"start":{"line":26,"column":17},"end":{"line":26,"column":20}},"loc":{"start":{"line":26,"column":23},"end":{"line":26,"column":27}}},"1":{"name":"(anonymous_4)","decl":{"start":{"line":26,"column":29},"end":{"line":26,"column":32}},"loc":{"start":{"line":26,"column":35},"end":{"line":26,"column":46}}},"2":{"name":"(anonymous_5)","decl":{"start":{"line":29,"column":14},"end":{"line":29,"column":17}},"loc":{"start":{"line":29,"column":20},"end":{"line":29,"column":26}}},"3":{"name":"(anonymous_6)","decl":{"start":{"line":33,"column":13},"end":{"line":33,"column":16}},"loc":{"start":{"line":33,"column":19},"end":{"line":33,"column":25}}},"4":{"name":"(anonymous_7)","decl":{"start":{"line":36,"column":11},"end":{"line":36,"column":14}},"loc":{"start":{"line":36,"column":17},"end":{"line":36,"column":21}}}},"branchMap":{},"s":{"0":5,"1":5,"2":5,"3":5,"4":5,"5":5,"6":5,"7":22,"8":5,"9":5,"10":10,"11":5,"12":22,"13":5,"14":22,"15":5,"16":5,"17":5,"18":5,"19":5,"20":5,"21":5},"f":{"0":22,"1":5,"2":10,"3":22,"4":22},"b":{}}
,"C:\\Users\\Darius\\Desktop\\Projects\\everhoury\\everhoury_backend\\db\\models\\task.ts": {"path":"C:\\Users\\Darius\\Desktop\\Projects\\everhoury\\everhoury_backend\\db\\models\\task.ts","statementMap":{"0":{"start":{"line":2,"column":0},"end":{"line":2,"column":91}},"1":{"start":{"line":3,"column":0},"end":{"line":3,"column":32}},"2":{"start":{"line":4,"column":0},"end":{"line":4,"column":28}},"3":{"start":{"line":5,"column":0},"end":{"line":5,"column":26}},"4":{"start":{"line":16,"column":0},"end":{"line":44,"column":null}},"5":{"start":{"line":24,"column":2},"end":{"line":24,"column":null}},"6":{"start":{"line":22,"column":20},"end":{"line":22,"column":27}},"7":{"start":{"line":27,"column":2},"end":{"line":27,"column":null}},"8":{"start":{"line":26,"column":19},"end":{"line":26,"column":26}},"9":{"start":{"line":31,"column":2},"end":{"line":31,"column":null}},"10":{"start":{"line":29,"column":20},"end":{"line":29,"column":24}},"11":{"start":{"line":34,"column":2},"end":{"line":34,"column":null}},"12":{"start":{"line":33,"column":19},"end":{"line":33,"column":23}},"13":{"start":{"line":37,"column":2},"end":{"line":37,"column":null}},"14":{"start":{"line":36,"column":17},"end":{"line":36,"column":22}},"15":{"start":{"line":40,"column":2},"end":{"line":40,"column":null}},"16":{"start":{"line":43,"column":2},"end":{"line":43,"column":null}},"17":{"start":{"line":16,"column":6},"end":{"line":44,"column":null}},"18":{"start":{"line":46,"column":0},"end":{"line":46,"column":20}}},"fnMap":{"0":{"name":"(anonymous_3)","decl":{"start":{"line":22,"column":14},"end":{"line":22,"column":17}},"loc":{"start":{"line":22,"column":20},"end":{"line":22,"column":27}}},"1":{"name":"(anonymous_4)","decl":{"start":{"line":26,"column":13},"end":{"line":26,"column":16}},"loc":{"start":{"line":26,"column":19},"end":{"line":26,"column":26}}},"2":{"name":"(anonymous_5)","decl":{"start":{"line":29,"column":14},"end":{"line":29,"column":17}},"loc":{"start":{"line":29,"column":20},"end":{"line":29,"column":24}}},"3":{"name":"(anonymous_6)","decl":{"start":{"line":33,"column":13},"end":{"line":33,"column":16}},"loc":{"start":{"line":33,"column":19},"end":{"line":33,"column":23}}},"4":{"name":"(anonymous_7)","decl":{"start":{"line":36,"column":11},"end":{"line":36,"column":14}},"loc":{"start":{"line":36,"column":17},"end":{"line":36,"column":22}}}},"branchMap":{},"s":{"0":5,"1":5,"2":5,"3":5,"4":5,"5":5,"6":20,"7":5,"8":22,"9":5,"10":5,"11":5,"12":22,"13":5,"14":22,"15":5,"16":5,"17":5,"18":5},"f":{"0":20,"1":22,"2":5,"3":22,"4":22},"b":{}}
,"C:\\Users\\Darius\\Desktop\\Projects\\everhoury\\everhoury_backend\\db\\models\\timer.ts": {"path":"C:\\Users\\Darius\\Desktop\\Projects\\everhoury\\everhoury_backend\\db\\models\\timer.ts","statementMap":{"0":{"start":{"line":2,"column":0},"end":{"line":2,"column":83}},"1":{"start":{"line":3,"column":0},"end":{"line":3,"column":26}},"2":{"start":{"line":4,"column":0},"end":{"line":4,"column":26}},"3":{"start":{"line":18,"column":0},"end":{"line":44,"column":null}},"4":{"start":{"line":21,"column":2},"end":{"line":21,"column":null}},"5":{"start":{"line":19,"column":20},"end":{"line":19,"column":24}},"6":{"start":{"line":24,"column":2},"end":{"line":24,"column":null}},"7":{"start":{"line":23,"column":19},"end":{"line":23,"column":23}},"8":{"start":{"line":28,"column":2},"end":{"line":28,"column":null}},"9":{"start":{"line":26,"column":20},"end":{"line":26,"column":24}},"10":{"start":{"line":31,"column":2},"end":{"line":31,"column":null}},"11":{"start":{"line":30,"column":19},"end":{"line":30,"column":23}},"12":{"start":{"line":34,"column":2},"end":{"line":34,"column":null}},"13":{"start":{"line":37,"column":2},"end":{"line":37,"column":null}},"14":{"start":{"line":40,"column":2},"end":{"line":40,"column":null}},"15":{"start":{"line":43,"column":2},"end":{"line":43,"column":null}},"16":{"start":{"line":18,"column":6},"end":{"line":44,"column":null}},"17":{"start":{"line":45,"column":0},"end":{"line":45,"column":21}}},"fnMap":{"0":{"name":"(anonymous_3)","decl":{"start":{"line":19,"column":14},"end":{"line":19,"column":17}},"loc":{"start":{"line":19,"column":20},"end":{"line":19,"column":24}}},"1":{"name":"(anonymous_4)","decl":{"start":{"line":23,"column":13},"end":{"line":23,"column":16}},"loc":{"start":{"line":23,"column":19},"end":{"line":23,"column":23}}},"2":{"name":"(anonymous_5)","decl":{"start":{"line":26,"column":14},"end":{"line":26,"column":17}},"loc":{"start":{"line":26,"column":20},"end":{"line":26,"column":24}}},"3":{"name":"(anonymous_6)","decl":{"start":{"line":30,"column":13},"end":{"line":30,"column":16}},"loc":{"start":{"line":30,"column":19},"end":{"line":30,"column":23}}}},"branchMap":{},"s":{"0":5,"1":5,"2":5,"3":5,"4":5,"5":25,"6":5,"7":13,"8":5,"9":10,"10":5,"11":13,"12":5,"13":5,"14":5,"15":5,"16":5,"17":5},"f":{"0":25,"1":13,"2":10,"3":13},"b":{}}
,"C:\\Users\\Darius\\Desktop\\Projects\\everhoury\\everhoury_backend\\db\\models\\user.ts": {"path":"C:\\Users\\Darius\\Desktop\\Projects\\everhoury\\everhoury_backend\\db\\models\\user.ts","statementMap":{"0":{"start":{"line":2,"column":0},"end":{"line":2,"column":96}},"1":{"start":{"line":4,"column":0},"end":{"line":4,"column":32}},"2":{"start":{"line":5,"column":0},"end":{"line":5,"column":26}},"3":{"start":{"line":6,"column":0},"end":{"line":6,"column":28}},"4":{"start":{"line":7,"column":0},"end":{"line":7,"column":41}},"5":{"start":{"line":27,"column":0},"end":{"line":77,"column":null}},"6":{"start":{"line":33,"column":2},"end":{"line":33,"column":null}},"7":{"start":{"line":32,"column":23},"end":{"line":32,"column":30}},"8":{"start":{"line":32,"column":38},"end":{"line":32,"column":49}},"9":{"start":{"line":36,"column":2},"end":{"line":36,"column":null}},"10":{"start":{"line":35,"column":17},"end":{"line":35,"column":22}},"11":{"start":{"line":39,"column":2},"end":{"line":39,"column":null}},"12":{"start":{"line":38,"column":17},"end":{"line":38,"column":21}},"13":{"start":{"line":42,"column":2},"end":{"line":42,"column":null}},"14":{"start":{"line":45,"column":2},"end":{"line":45,"column":null}},"15":{"start":{"line":48,"column":2},"end":{"line":48,"column":null}},"16":{"start":{"line":51,"column":2},"end":{"line":51,"column":null}},"17":{"start":{"line":54,"column":2},"end":{"line":54,"column":null}},"18":{"start":{"line":57,"column":2},"end":{"line":57,"column":null}},"19":{"start":{"line":60,"column":2},"end":{"line":60,"column":null}},"20":{"start":{"line":63,"column":2},"end":{"line":63,"column":null}},"21":{"start":{"line":66,"column":2},"end":{"line":66,"column":null}},"22":{"start":{"line":69,"column":2},"end":{"line":69,"column":null}},"23":{"start":{"line":72,"column":2},"end":{"line":72,"column":null}},"24":{"start":{"line":75,"column":2},"end":{"line":75,"column":null}},"25":{"start":{"line":27,"column":6},"end":{"line":77,"column":null}},"26":{"start":{"line":79,"column":0},"end":{"line":79,"column":20}}},"fnMap":{"0":{"name":"(anonymous_3)","decl":{"start":{"line":32,"column":17},"end":{"line":32,"column":20}},"loc":{"start":{"line":32,"column":23},"end":{"line":32,"column":30}}},"1":{"name":"(anonymous_4)","decl":{"start":{"line":32,"column":32},"end":{"line":32,"column":35}},"loc":{"start":{"line":32,"column":38},"end":{"line":32,"column":49}}},"2":{"name":"(anonymous_5)","decl":{"start":{"line":35,"column":11},"end":{"line":35,"column":14}},"loc":{"start":{"line":35,"column":17},"end":{"line":35,"column":22}}},"3":{"name":"(anonymous_6)","decl":{"start":{"line":38,"column":11},"end":{"line":38,"column":14}},"loc":{"start":{"line":38,"column":17},"end":{"line":38,"column":21}}}},"branchMap":{},"s":{"0":5,"1":5,"2":5,"3":5,"4":5,"5":5,"6":5,"7":10,"8":5,"9":5,"10":10,"11":5,"12":10,"13":5,"14":5,"15":5,"16":5,"17":5,"18":5,"19":5,"20":5,"21":5,"22":5,"23":5,"24":5,"25":5,"26":5},"f":{"0":10,"1":5,"2":10,"3":10},"b":{}}
,"C:\\Users\\Darius\\Desktop\\Projects\\everhoury\\everhoury_backend\\db\\models\\user_project.ts": {"path":"C:\\Users\\Darius\\Desktop\\Projects\\everhoury\\everhoury_backend\\db\\models\\user_project.ts","statementMap":{"0":{"start":{"line":2,"column":0},"end":{"line":2,"column":84}},"1":{"start":{"line":4,"column":0},"end":{"line":4,"column":32}},"2":{"start":{"line":6,"column":0},"end":{"line":6,"column":26}},"3":{"start":{"line":11,"column":0},"end":{"line":21,"column":null}},"4":{"start":{"line":14,"column":2},"end":{"line":14,"column":null}},"5":{"start":{"line":12,"column":20},"end":{"line":12,"column":24}},"6":{"start":{"line":18,"column":2},"end":{"line":18,"column":null}},"7":{"start":{"line":16,"column":20},"end":{"line":16,"column":27}},"8":{"start":{"line":11,"column":6},"end":{"line":21,"column":null}},"9":{"start":{"line":23,"column":0},"end":{"line":23,"column":27}}},"fnMap":{"0":{"name":"(anonymous_3)","decl":{"start":{"line":12,"column":14},"end":{"line":12,"column":17}},"loc":{"start":{"line":12,"column":20},"end":{"line":12,"column":24}}},"1":{"name":"(anonymous_4)","decl":{"start":{"line":16,"column":14},"end":{"line":16,"column":17}},"loc":{"start":{"line":16,"column":20},"end":{"line":16,"column":27}}}},"branchMap":{},"s":{"0":5,"1":5,"2":5,"3":5,"4":5,"5":30,"6":5,"7":10,"8":5,"9":5},"f":{"0":30,"1":10},"b":{}}
,"C:\\Users\\Darius\\Desktop\\Projects\\everhoury\\everhoury_backend\\middlewares\\authorize.ts": {"path":"C:\\Users\\Darius\\Desktop\\Projects\\everhoury\\everhoury_backend\\middlewares\\authorize.ts","statementMap":{"0":{"start":{"line":2,"column":0},"end":{"line":2,"column":31}},"1":{"start":{"line":3,"column":0},"end":{"line":3,"column":33}},"2":{"start":{"line":4,"column":0},"end":{"line":4,"column":37}},"3":{"start":{"line":5,"column":25},"end":{"line":31,"column":1}},"4":{"start":{"line":6,"column":2},"end":{"line":8,"column":null}},"5":{"start":{"line":7,"column":4},"end":{"line":7,"column":20}},"6":{"start":{"line":9,"column":2},"end":{"line":30,"column":4}},"7":{"start":{"line":10,"column":62},"end":{"line":29,"column":null}},"8":{"start":{"line":11,"column":25},"end":{"line":11,"column":50}},"9":{"start":{"line":12,"column":6},"end":{"line":28,"column":null}},"10":{"start":{"line":13,"column":22},"end":{"line":13,"column":46}},"11":{"start":{"line":15,"column":8},"end":{"line":25,"column":11}},"12":{"start":{"line":15,"column":56},"end":{"line":25,"column":10}},"13":{"start":{"line":16,"column":10},"end":{"line":18,"column":null}},"14":{"start":{"line":17,"column":12},"end":{"line":17,"column":39}},"15":{"start":{"line":19,"column":27},"end":{"line":19,"column":64}},"16":{"start":{"line":20,"column":10},"end":{"line":22,"column":null}},"17":{"start":{"line":21,"column":12},"end":{"line":21,"column":39}},"18":{"start":{"line":23,"column":10},"end":{"line":23,"column":26}},"19":{"start":{"line":24,"column":10},"end":{"line":24,"column":17}},"20":{"start":{"line":27,"column":8},"end":{"line":27,"column":28}},"21":{"start":{"line":5,"column":13},"end":{"line":5,"column":25}}},"fnMap":{"0":{"name":"(anonymous_8)","decl":{"start":{"line":5,"column":25},"end":{"line":5,"column":26}},"loc":{"start":{"line":5,"column":60},"end":{"line":31,"column":1}}},"1":{"name":"(anonymous_9)","decl":{"start":{"line":10,"column":4},"end":{"line":10,"column":11}},"loc":{"start":{"line":10,"column":62},"end":{"line":29,"column":null}}},"2":{"name":"(anonymous_10)","decl":{"start":{"line":10,"column":62},"end":{"line":10,"column":null}},"loc":{"start":{"line":10,"column":62},"end":{"line":29,"column":5}}},"3":{"name":"(anonymous_11)","decl":{"start":{"line":15,"column":36},"end":{"line":15,"column":43}},"loc":{"start":{"line":15,"column":56},"end":{"line":25,"column":10}}},"4":{"name":"(anonymous_12)","decl":{"start":{"line":15,"column":56},"end":{"line":15,"column":null}},"loc":{"start":{"line":15,"column":56},"end":{"line":25,"column":9}}}},"branchMap":{"0":{"loc":{"start":{"line":6,"column":2},"end":{"line":8,"column":null}},"type":"if","locations":[{"start":{"line":6,"column":2},"end":{"line":8,"column":null}}]},"1":{"loc":{"start":{"line":12,"column":6},"end":{"line":28,"column":null}},"type":"if","locations":[{"start":{"line":12,"column":6},"end":{"line":28,"column":null}},{"start":{"line":26,"column":13},"end":{"line":28,"column":null}}]},"2":{"loc":{"start":{"line":16,"column":10},"end":{"line":18,"column":null}},"type":"if","locations":[{"start":{"line":16,"column":10},"end":{"line":18,"column":null}}]},"3":{"loc":{"start":{"line":19,"column":47},"end":{"line":19,"column":63}},"type":"cond-expr","locations":[{"start":{"line":19,"column":51},"end":{"line":19,"column":53}},{"start":{"line":19,"column":47},"end":{"line":19,"column":63}}]},"4":{"loc":{"start":{"line":19,"column":47},"end":{"line":19,"column":53}},"type":"binary-expr","locations":[{"start":{"line":19,"column":47},"end":{"line":19,"column":53}},{"start":{"line":19,"column":47},"end":{"line":19,"column":53}}]},"5":{"loc":{"start":{"line":20,"column":10},"end":{"line":22,"column":null}},"type":"if","locations":[{"start":{"line":20,"column":10},"end":{"line":22,"column":null}}]},"6":{"loc":{"start":{"line":20,"column":14},"end":{"line":20,"column":76}},"type":"binary-expr","locations":[{"start":{"line":20,"column":14},"end":{"line":20,"column":23}},{"start":{"line":20,"column":28},"end":{"line":20,"column":41}},{"start":{"line":20,"column":45},"end":{"line":20,"column":75}}]},"7":{"loc":{"start":{"line":20,"column":28},"end":{"line":20,"column":41}},"type":"cond-expr","locations":[{"start":{"line":20,"column":33},"end":{"line":20,"column":35}},{"start":{"line":20,"column":28},"end":{"line":20,"column":41}}]},"8":{"loc":{"start":{"line":20,"column":28},"end":{"line":20,"column":35}},"type":"binary-expr","locations":[{"start":{"line":20,"column":28},"end":{"line":20,"column":35}},{"start":{"line":20,"column":28},"end":{"line":20,"column":35}}]}},"s":{"0":5,"1":5,"2":5,"3":5,"4":170,"5":5,"6":170,"7":35,"8":35,"9":35,"10":34,"11":34,"12":34,"13":34,"14":1,"15":33,"16":33,"17":6,"18":27,"19":27,"20":1,"21":5},"f":{"0":170,"1":35,"2":35,"3":34,"4":34},"b":{"0":[5],"1":[34,1],"2":[1],"3":[0,33],"4":[33,33],"5":[6],"6":[33,33,19],"7":[14,19],"8":[33,33]}}
,"C:\\Users\\Darius\\Desktop\\Projects\\everhoury\\everhoury_backend\\others\\templates\\dailySummary.ts": {"path":"C:\\Users\\Darius\\Desktop\\Projects\\everhoury\\everhoury_backend\\others\\templates\\dailySummary.ts","statementMap":{"0":{"start":{"line":8,"column":28},"end":{"line":66,"column":1}},"1":{"start":{"line":9,"column":16},"end":{"line":9,"column":26}},"2":{"start":{"line":10,"column":2},"end":{"line":65,"column":4}},"3":{"start":{"line":52,"column":17},"end":{"line":60,"column":null}},"4":{"start":{"line":8,"column":13},"end":{"line":8,"column":28}}},"fnMap":{"0":{"name":"(anonymous_0)","decl":{"start":{"line":8,"column":28},"end":{"line":8,"column":29}},"loc":{"start":{"line":8,"column":52},"end":{"line":66,"column":1}}},"1":{"name":"(anonymous_1)","decl":{"start":{"line":52,"column":7},"end":{"line":52,"column":8}},"loc":{"start":{"line":52,"column":17},"end":{"line":60,"column":null}}}},"branchMap":{"0":{"loc":{"start":{"line":54,"column":7},"end":{"line":59,"column":null}},"type":"binary-expr","locations":[{"start":{"line":54,"column":7},"end":{"line":54,"column":11}},{"start":{"line":55,"column":7},"end":{"line":59,"column":null}}]}},"s":{"0":5,"1":0,"2":0,"3":0,"4":5},"f":{"0":0,"1":0},"b":{"0":[0,0]}}
,"C:\\Users\\Darius\\Desktop\\Projects\\everhoury\\everhoury_backend\\others\\templates\\email.ts": {"path":"C:\\Users\\Darius\\Desktop\\Projects\\everhoury\\everhoury_backend\\others\\templates\\email.ts","statementMap":{"0":{"start":{"line":1,"column":0},"end":{"line":1,"column":54}},"1":{"start":{"line":3,"column":25},"end":{"line":10,"column":null}},"2":{"start":{"line":3,"column":117},"end":{"line":10,"column":null}},"3":{"start":{"line":4,"column":22},"end":{"line":4,"column":41}},"4":{"start":{"line":5,"column":2},"end":{"line":9,"column":null}},"5":{"start":{"line":6,"column":4},"end":{"line":6,"column":82}},"6":{"start":{"line":8,"column":4},"end":{"line":8,"column":16}},"7":{"start":{"line":3,"column":13},"end":{"line":3,"column":25}},"8":{"start":{"line":13,"column":37},"end":{"line":19,"column":null}},"9":{"start":{"line":13,"column":76},"end":{"line":19,"column":null}},"10":{"start":{"line":14,"column":20},"end":{"line":14,"column":72}},"11":{"start":{"line":15,"column":18},"end":{"line":16,"column":49}},"12":{"start":{"line":18,"column":2},"end":{"line":18,"column":36}},"13":{"start":{"line":13,"column":13},"end":{"line":13,"column":37}},"14":{"start":{"line":21,"column":41},"end":{"line":27,"column":null}},"15":{"start":{"line":21,"column":80},"end":{"line":27,"column":null}},"16":{"start":{"line":22,"column":20},"end":{"line":22,"column":83}},"17":{"start":{"line":23,"column":18},"end":{"line":24,"column":42}},"18":{"start":{"line":26,"column":2},"end":{"line":26,"column":36}},"19":{"start":{"line":21,"column":13},"end":{"line":21,"column":41}}},"fnMap":{"0":{"name":"(anonymous_7)","decl":{"start":{"line":3,"column":25},"end":{"line":3,"column":32}},"loc":{"start":{"line":3,"column":117},"end":{"line":10,"column":null}}},"1":{"name":"(anonymous_8)","decl":{"start":{"line":3,"column":117},"end":{"line":3,"column":null}},"loc":{"start":{"line":3,"column":117},"end":{"line":10,"column":1}}},"2":{"name":"(anonymous_9)","decl":{"start":{"line":13,"column":37},"end":{"line":13,"column":44}},"loc":{"start":{"line":13,"column":76},"end":{"line":19,"column":null}}},"3":{"name":"(anonymous_10)","decl":{"start":{"line":13,"column":76},"end":{"line":13,"column":null}},"loc":{"start":{"line":13,"column":76},"end":{"line":19,"column":1}}},"4":{"name":"(anonymous_11)","decl":{"start":{"line":21,"column":41},"end":{"line":21,"column":48}},"loc":{"start":{"line":21,"column":80},"end":{"line":27,"column":null}}},"5":{"name":"(anonymous_12)","decl":{"start":{"line":21,"column":80},"end":{"line":21,"column":null}},"loc":{"start":{"line":21,"column":80},"end":{"line":27,"column":1}}}},"branchMap":{"0":{"loc":{"start":{"line":3,"column":65},"end":{"line":3,"column":95}},"type":"default-arg","locations":[{"start":{"line":3,"column":72},"end":{"line":3,"column":95}}]},"1":{"loc":{"start":{"line":6,"column":65},"end":{"line":6,"column":78}},"type":"binary-expr","locations":[{"start":{"line":6,"column":65},"end":{"line":6,"column":72}},{"start":{"line":6,"column":76},"end":{"line":6,"column":78}}]}},"s":{"0":5,"1":5,"2":1,"3":1,"4":1,"5":1,"6":0,"7":5,"8":5,"9":1,"10":1,"11":1,"12":1,"13":5,"14":5,"15":0,"16":0,"17":0,"18":0,"19":5},"f":{"0":1,"1":1,"2":1,"3":1,"4":0,"5":0},"b":{"0":[1],"1":[1,1]}}
,"C:\\Users\\Darius\\Desktop\\Projects\\everhoury\\everhoury_backend\\others\\templates\\index.ts": {"path":"C:\\Users\\Darius\\Desktop\\Projects\\everhoury\\everhoury_backend\\others\\templates\\index.ts","statementMap":{"0":{"start":{"line":1,"column":0},"end":{"line":1,"column":25}}},"fnMap":{},"branchMap":{},"s":{"0":5},"f":{},"b":{}}
,"C:\\Users\\Darius\\Desktop\\Projects\\everhoury\\everhoury_backend\\others\\templates\\report.ts": {"path":"C:\\Users\\Darius\\Desktop\\Projects\\everhoury\\everhoury_backend\\others\\templates\\report.ts","statementMap":{"0":{"start":{"line":3,"column":24},"end":{"line":80,"column":1}},"1":{"start":{"line":4,"column":16},"end":{"line":4,"column":26}},"2":{"start":{"line":5,"column":2},"end":{"line":79,"column":4}},"3":{"start":{"line":58,"column":33},"end":{"line":76,"column":4}},"4":{"start":{"line":65,"column":43},"end":{"line":70,"column":8}},"5":{"start":{"line":3,"column":13},"end":{"line":3,"column":24}}},"fnMap":{"0":{"name":"(anonymous_0)","decl":{"start":{"line":3,"column":24},"end":{"line":3,"column":25}},"loc":{"start":{"line":3,"column":37},"end":{"line":80,"column":1}}},"1":{"name":"(anonymous_1)","decl":{"start":{"line":58,"column":25},"end":{"line":58,"column":29}},"loc":{"start":{"line":58,"column":33},"end":{"line":76,"column":4}}},"2":{"name":"(anonymous_2)","decl":{"start":{"line":65,"column":35},"end":{"line":65,"column":39}},"loc":{"start":{"line":65,"column":43},"end":{"line":70,"column":8}}}},"branchMap":{},"s":{"0":5,"1":0,"2":0,"3":0,"4":0,"5":5},"f":{"0":0,"1":0,"2":0},"b":{}}
,"C:\\Users\\Darius\\Desktop\\Projects\\everhoury\\everhoury_backend\\routes\\client.ts": {"path":"C:\\Users\\Darius\\Desktop\\Projects\\everhoury\\everhoury_backend\\routes\\client.ts","statementMap":{"0":{"start":{"line":1,"column":0},"end":{"line":1,"column":52}},"1":{"start":{"line":2,"column":0},"end":{"line":2,"column":46}},"2":{"start":{"line":4,"column":0},"end":{"line":4,"column":69}},"3":{"start":{"line":6,"column":0},"end":{"line":6,"column":53}},"4":{"start":{"line":7,"column":0},"end":{"line":7,"column":43}},"5":{"start":{"line":9,"column":22},"end":{"line":9,"column":30}},"6":{"start":{"line":11,"column":0},"end":{"line":21,"column":null}},"7":{"start":{"line":11,"column":88},"end":{"line":21,"column":2}},"8":{"start":{"line":12,"column":2},"end":{"line":20,"column":null}},"9":{"start":{"line":13,"column":20},"end":{"line":13,"column":51}},"10":{"start":{"line":14,"column":4},"end":{"line":14,"column":41}},"11":{"start":{"line":17,"column":4},"end":{"line":19,"column":null}},"12":{"start":{"line":18,"column":6},"end":{"line":18,"column":80}},"13":{"start":{"line":23,"column":0},"end":{"line":34,"column":3}},"14":{"start":{"line":23,"column":91},"end":{"line":34,"column":2}},"15":{"start":{"line":24,"column":21},"end":{"line":24,"column":42}},"16":{"start":{"line":25,"column":2},"end":{"line":33,"column":null}},"17":{"start":{"line":26,"column":19},"end":{"line":26,"column":53}},"18":{"start":{"line":27,"column":4},"end":{"line":27,"column":40}},"19":{"start":{"line":30,"column":4},"end":{"line":32,"column":null}},"20":{"start":{"line":31,"column":6},"end":{"line":31,"column":80}},"21":{"start":{"line":36,"column":0},"end":{"line":47,"column":3}},"22":{"start":{"line":36,"column":89},"end":{"line":47,"column":2}},"23":{"start":{"line":37,"column":35},"end":{"line":37,"column":43}},"24":{"start":{"line":38,"column":2},"end":{"line":46,"column":null}},"25":{"start":{"line":39,"column":19},"end":{"line":39,"column":57}},"26":{"start":{"line":40,"column":4},"end":{"line":40,"column":40}},"27":{"start":{"line":43,"column":4},"end":{"line":45,"column":null}},"28":{"start":{"line":44,"column":6},"end":{"line":44,"column":80}},"29":{"start":{"line":49,"column":0},"end":{"line":60,"column":3}},"30":{"start":{"line":49,"column":94},"end":{"line":60,"column":2}},"31":{"start":{"line":50,"column":21},"end":{"line":50,"column":42}},"32":{"start":{"line":51,"column":2},"end":{"line":59,"column":null}},"33":{"start":{"line":52,"column":4},"end":{"line":52,"column":38}},"34":{"start":{"line":53,"column":4},"end":{"line":53,"column":34}},"35":{"start":{"line":56,"column":4},"end":{"line":58,"column":null}},"36":{"start":{"line":57,"column":6},"end":{"line":57,"column":80}},"37":{"start":{"line":62,"column":0},"end":{"line":74,"column":3}},"38":{"start":{"line":62,"column":93},"end":{"line":74,"column":2}},"39":{"start":{"line":63,"column":21},"end":{"line":63,"column":42}},"40":{"start":{"line":64,"column":35},"end":{"line":64,"column":43}},"41":{"start":{"line":65,"column":2},"end":{"line":73,"column":null}},"42":{"start":{"line":66,"column":19},"end":{"line":66,"column":61}},"43":{"start":{"line":67,"column":4},"end":{"line":67,"column":40}},"44":{"start":{"line":70,"column":4},"end":{"line":72,"column":null}},"45":{"start":{"line":71,"column":6},"end":{"line":71,"column":80}},"46":{"start":{"line":77,"column":0},"end":{"line":88,"column":3}},"47":{"start":{"line":77,"column":102},"end":{"line":88,"column":2}},"48":{"start":{"line":78,"column":21},"end":{"line":78,"column":42}},"49":{"start":{"line":79,"column":27},"end":{"line":79,"column":52}},"50":{"start":{"line":80,"column":2},"end":{"line":87,"column":null}},"51":{"start":{"line":81,"column":17},"end":{"line":81,"column":72}},"52":{"start":{"line":82,"column":4},"end":{"line":82,"column":38}},"53":{"start":{"line":84,"column":4},"end":{"line":86,"column":null}},"54":{"start":{"line":85,"column":6},"end":{"line":85,"column":80}},"55":{"start":{"line":89,"column":0},"end":{"line":89,"column":29}}},"fnMap":{"0":{"name":"(anonymous_13)","decl":{"start":{"line":11,"column":50},"end":{"line":11,"column":57}},"loc":{"start":{"line":11,"column":88},"end":{"line":21,"column":2}}},"1":{"name":"(anonymous_14)","decl":{"start":{"line":11,"column":88},"end":{"line":11,"column":null}},"loc":{"start":{"line":11,"column":88},"end":{"line":21,"column":1}}},"2":{"name":"(anonymous_15)","decl":{"start":{"line":23,"column":53},"end":{"line":23,"column":60}},"loc":{"start":{"line":23,"column":91},"end":{"line":34,"column":2}}},"3":{"name":"(anonymous_16)","decl":{"start":{"line":23,"column":91},"end":{"line":23,"column":null}},"loc":{"start":{"line":23,"column":91},"end":{"line":34,"column":1}}},"4":{"name":"(anonymous_17)","decl":{"start":{"line":36,"column":51},"end":{"line":36,"column":58}},"loc":{"start":{"line":36,"column":89},"end":{"line":47,"column":2}}},"5":{"name":"(anonymous_18)","decl":{"start":{"line":36,"column":89},"end":{"line":36,"column":null}},"loc":{"start":{"line":36,"column":89},"end":{"line":47,"column":1}}},"6":{"name":"(anonymous_19)","decl":{"start":{"line":49,"column":56},"end":{"line":49,"column":63}},"loc":{"start":{"line":49,"column":94},"end":{"line":60,"column":2}}},"7":{"name":"(anonymous_20)","decl":{"start":{"line":49,"column":94},"end":{"line":49,"column":null}},"loc":{"start":{"line":49,"column":94},"end":{"line":60,"column":1}}},"8":{"name":"(anonymous_21)","decl":{"start":{"line":62,"column":55},"end"
[...]
"line":59,"column":4},"end":{"line":59,"column":13}},"44":{"start":{"line":61,"column":16},"end":{"line":61,"column":33}},"45":{"start":{"line":62,"column":14},"end":{"line":62,"column":29}},"46":{"start":{"line":63,"column":19},"end":{"line":63,"column":51}},"47":{"start":{"line":64,"column":2},"end":{"line":64,"column":35}},"48":{"start":{"line":57,"column":13},"end":{"line":57,"column":31}},"49":{"start":{"line":68,"column":33},"end":{"line":70,"column":1}},"50":{"start":{"line":69,"column":2},"end":{"line":69,"column":34}},"51":{"start":{"line":68,"column":13},"end":{"line":68,"column":33}},"52":{"start":{"line":75,"column":47},"end":{"line":91,"column":1}},"53":{"start":{"line":76,"column":24},"end":{"line":76,"column":26}},"54":{"start":{"line":77,"column":2},"end":{"line":88,"column":5}},"55":{"start":{"line":78,"column":20},"end":{"line":78,"column":82}},"56":{"start":{"line":78,"column":47},"end":{"line":78,"column":81}},"57":{"start":{"line":79,"column":4},"end":{"line":87,"column":null}},"58":{"start":{"line":80,"column":6},"end":{"line":80,"column":81}},"59":{"start":{"line":82,"column":6},"end":{"line":86,"column":9}},"60":{"start":{"line":90,"column":2},"end":{"line":90,"column":50}},"61":{"start":{"line":90,"column":33},"end":{"line":90,"column":48}},"62":{"start":{"line":75,"column":13},"end":{"line":75,"column":47}},"63":{"start":{"line":93,"column":39},"end":{"line":103,"column":1}},"64":{"start":{"line":94,"column":2},"end":{"line":96,"column":null}},"65":{"start":{"line":95,"column":4},"end":{"line":95,"column":19}},"66":{"start":{"line":97,"column":12},"end":{"line":97,"column":39}},"67":{"start":{"line":98,"column":14},"end":{"line":98,"column":39}},"68":{"start":{"line":99,"column":13},"end":{"line":99,"column":53}},"69":{"start":{"line":101,"column":15},"end":{"line":101,"column":95}},"70":{"start":{"line":102,"column":2},"end":{"line":102,"column":16}},"71":{"start":{"line":93,"column":13},"end":{"line":93,"column":39}},"72":{"start":{"line":106,"column":34},"end":{"line":109,"column":1}},"73":{"start":{"line":107,"column":15},"end":{"line":107,"column":43}},"74":{"start":{"line":108,"column":2},"end":{"line":108,"column":14}},"75":{"start":{"line":106,"column":13},"end":{"line":106,"column":34}},"76":{"start":{"line":113,"column":43},"end":{"line":124,"column":1}},"77":{"start":{"line":115,"column":16},"end":{"line":115,"column":29}},"78":{"start":{"line":117,"column":17},"end":{"line":117,"column":80}},"79":{"start":{"line":117,"column":45},"end":{"line":117,"column":68}},"80":{"start":{"line":120,"column":20},"end":{"line":120,"column":117}},"81":{"start":{"line":120,"column":49},"end":{"line":120,"column":113}},"82":{"start":{"line":122,"column":29},"end":{"line":122,"column":63}},"83":{"start":{"line":123,"column":2},"end":{"line":123,"column":28}},"84":{"start":{"line":113,"column":13},"end":{"line":113,"column":43}},"85":{"start":{"line":127,"column":46},"end":{"line":147,"column":1}},"86":{"start":{"line":129,"column":16},"end":{"line":129,"column":29}},"87":{"start":{"line":131,"column":17},"end":{"line":131,"column":80}},"88":{"start":{"line":131,"column":45},"end":{"line":131,"column":68}},"89":{"start":{"line":134,"column":28},"end":{"line":134,"column":158}},"90":{"start":{"line":134,"column":51},"end":{"line":134,"column":156}},"91":{"start":{"line":137,"column":27},"end":{"line":137,"column":88}},"92":{"start":{"line":137,"column":60},"end":{"line":137,"column":75}},"93":{"start":{"line":140,"column":36},"end":{"line":143,"column":4}},"94":{"start":{"line":141,"column":17},"end":{"line":141,"column":51}},"95":{"start":{"line":142,"column":4},"end":{"line":142,"column":37}},"96":{"start":{"line":146,"column":2},"end":{"line":146,"column":35}},"97":{"start":{"line":127,"column":13},"end":{"line":127,"column":46}},"98":{"start":{"line":148,"column":50},"end":{"line":157,"column":1}},"99":{"start":{"line":149,"column":16},"end":{"line":149,"column":29}},"100":{"start":{"line":150,"column":17},"end":{"line":150,"column":80}},"101":{"start":{"line":150,"column":45},"end":{"line":150,"column":68}},"102":{"start":{"line":151,"column":20},"end":{"line":151,"column":117}},"103":{"start":{"line":151,"column":49},"end":{"line":151,"column":113}},"104":{"start":{"line":152,"column":24},"end":{"line":152,"column":77}},"105":{"start":{"line":152,"column":47},"end":{"line":152,"column":69}},"106":{"start":{"line":153,"column":22},"end":{"line":153,"column":47}},"107":{"start":{"line":154,"column":31},"end":{"line":154,"column":67}},"108":{"start":{"line":156,"column":2},"end":{"line":156,"column":30}},"109":{"start":{"line":148,"column":13},"end":{"line":148,"column":50}},"110":{"start":{"line":161,"column":56},"end":{"line":185,"column":1}},"111":{"start":{"line":162,"column":16},"end":{"line":162,"column":29}},"112":{"start":{"line":164,"column":17},"end":{"line":164,"column":88}},"113":{"start":{"line":164,"column":53},"end":{"line":164,"column":76}},"114":{"start":{"line":166,"column":28},"end":{"line":166,"column":155}},"115":{"start":{"line":166,"column":51},"end":{"line":166,"column":153}},"116":{"start":{"line":168,"column":37},"end":{"line":176,"column":15}},"117":{"start":{"line":169,"column":17},"end":{"line":169,"column":60}},"118":{"start":{"line":169,"column":36},"end":{"line":169,"column":59}},"119":{"start":{"line":170,"column":4},"end":{"line":174,"column":null}},"120":{"start":{"line":171,"column":6},"end":{"line":171,"column":29}},"121":{"start":{"line":173,"column":6},"end":{"line":173,"column":53}},"122":{"start":{"line":175,"column":4},"end":{"line":175,"column":15}},"123":{"start":{"line":179,"column":48},"end":{"line":181,"column":null}},"124":{"start":{"line":180,"column":4},"end":{"line":180,"column":48}},"125":{"start":{"line":184,"column":2},"end":{"line":184,"column":47}},"126":{"start":{"line":161,"column":13},"end":{"line":161,"column":56}},"127":{"start":{"line":187,"column":43},"end":{"line":191,"column":1}},"128":{"start":{"line":188,"column":20},"end":{"line":188,"column":117}},"129":{"start":{"line":188,"column":49},"end":{"line":188,"column":113}},"130":{"start":{"line":189,"column":29},"end":{"line":189,"column":63}},"131":{"start":{"line":190,"column":2},"end":{"line":190,"column":28}},"132":{"start":{"line":187,"column":13},"end":{"line":187,"column":43}}},"fnMap":{"0":{"name":"(anonymous_1)","decl":{"start":{"line":6,"column":38},"end":{"line":6,"column":39}},"loc":{"start":{"line":6,"column":64},"end":{"line":17,"column":1}}},"1":{"name":"(anonymous_2)","decl":{"start":{"line":10,"column":35},"end":{"line":10,"column":36}},"loc":{"start":{"line":10,"column":45},"end":{"line":10,"column":64}}},"2":{"name":"(anonymous_3)","decl":{"start":{"line":19,"column":31},"end":{"line":19,"column":32}},"loc":{"start":{"line":19,"column":56},"end":{"line":21,"column":1}}},"3":{"name":"(anonymous_4)","decl":{"start":{"line":20,"column":20},"end":{"line":20,"column":21}},"loc":{"start":{"line":20,"column":31},"end":{"line":20,"column":115}}},"4":{"name":"(anonymous_5)","decl":{"start":{"line":23,"column":31},"end":{"line":23,"column":32}},"loc":{"start":{"line":23,"column":56},"end":{"line":55,"column":1}}},"5":{"name":"(anonymous_6)","decl":{"start":{"line":28,"column":43},"end":{"line":28,"column":44}},"loc":{"start":{"line":28,"column":53},"end":{"line":28,"column":164}}},"6":{"name":"(anonymous_7)","decl":{"start":{"line":29,"column":53},"end":{"line":29,"column":54}},"loc":{"start":{"line":29,"column":68},"end":{"line":29,"column":132}}},"7":{"name":"(anonymous_8)","decl":{"start":{"line":40,"column":38},"end":{"line":40,"column":39}},"loc":{"start":{"line":40,"column":48},"end":{"line":40,"column":145}}},"8":{"name":"(anonymous_9)","decl":{"start":{"line":41,"column":41},"end":{"line":41,"column":42}},"loc":{"start":{"line":41,"column":56},"end":{"line":41,"column":120}}},"9":{"name":"(anonymous_10)","decl":{"start":{"line":42,"column":40},"end":{"line":42,"column":41}},"loc":{"start":{"line":42,"column":55},"end":{"line":42,"column":178}}},"10":{"name":"(anonymous_11)","decl":{"start":{"line":57,"column":31},"end":{"line":57,"column":32}},"loc":{"start":{"line":57,"column":70},"end":{"line":65,"column":1}}},"11":{"name":"(anonymous_12)","decl":{"start":{"line":68,"column":33},"end":{"line":68,"column":34}},"loc":{"start":{"line":68,"column":50},"end":{"line":70,"column":1}}},"12":{"name":"(anonymous_13)","decl":{"start":{"line":75,"column":47},"end":{"line":75,"column":48}},"loc":{"start":{"line":75,"column":72},"end":{"line":91,"column":1}}},"13":{"name":"(anonymous_14)","decl":{"start":{"line":77,"column":17},"end":{"line":77,"column":18}},"loc":{"start":{"line":77,"column":26},"end":{"line":88,"column":3}}},"14":{"name":"(anonymous_15)","decl":{"start":{"line":78,"column":34},"end":{"line":78,"column":35}},"loc":{"start":{"line":78,"column":47},"end":{"line":78,"column":81}}},"15":{"name":"(anonymous_16)","decl":{"start":{"line":90,"column":23},"end":{"line":90,"column":24}},"loc":{"start":{"line":90,"column":33},"end":{"line":90,"column":48}}},"16":{"name":"(anonymous_17)","decl":{"start":{"line":93,"column":39},"end":{"line":93,"column":40}},"loc":{"start":{"line":93,"column":56},"end":{"line":103,"column":1}}},"17":{"name":"(anonymous_18)","decl":{"start":{"line":106,"column":34},"end":{"line":106,"column":35}},"loc":{"start":{"line":106,"column":51},"end":{"line":109,"column":1}}},"18":{"name":"(anonymous_19)","decl":{"start":{"line":113,"column":43},"end":{"line":113,"column":44}},"loc":{"start":{"line":113,"column":64},"end":{"line":124,"column":1}}},"19":{"name":"(anonymous_20)","decl":{"start":{"line":117,"column":30},"end":{"line":117,"column":31}},"loc":{"start":{"line":117,"column":45},"end":{"line":117,"column":68}}},"20":{"name":"(anonymous_21)","decl":{"start":{"line":120,"column":34},"end":{"line":120,"column":35}},"loc":{"start":{"line":120,"column":49},"end":{"line":120,"column":113}}},"21":{"name":"(anonymous_22)","decl":{"start":{"line":127,"column":46},"end":{"line":127,"column":47}},"loc":{"start":{"line":127,"column":67},"end":{"line":147,"column":1}}},"22":{"name":"(anonymous_23)","decl":{"start":{"line":131,"column":30},"end":{"line":131,"column":31}},"loc":{"start":{"line":131,"column":45},"end":{"line":131,"column":68}}},"23":{"name":"(anonymous_24)","decl":{"start":{"line":134,"column":39},"end":{"line":134,"column":40}},"loc":{"start":{"line":134,"column":48},"end":{"line":134,"column":157}}},"24":{"name":"(anonymous_25)","decl":{"start":{"line":137,"column":50},"end":{"line":137,"column":51}},"loc":{"start":{"line":137,"column":60},"end":{"line":137,"column":75}}},"25":{"name":"(anonymous_26)","decl":{"start":{"line":140,"column":57},"end":{"line":140,"column":58}},"loc":{"start":{"line":140,"column":66},"end":{"line":143,"column":3}}},"26":{"name":"(anonymous_27)","decl":{"start":{"line":148,"column":50},"end":{"line":148,"column":51}},"loc":{"start":{"line":148,"column":71},"end":{"line":157,"column":1}}},"27":{"name":"(anonymous_28)","decl":{"start":{"line":150,"column":30},"end":{"line":150,"column":31}},"loc":{"start":{"line":150,"column":45},"end":{"line":150,"column":68}}},"28":{"name":"(anonymous_29)","decl":{"start":{"line":151,"column":34},"end":{"line":151,"column":35}},"loc":{"start":{"line":151,"column":49},"end":{"line":151,"column":113}}},"29":{"name":"(anonymous_30)","decl":{"start":{"line":152,"column":37},"end":{"line":152,"column":38}},"loc":{"start":{"line":152,"column":47},"end":{"line":152,"column":69}}},"30":{"name":"(anonymous_31)","decl":{"start":{"line":161,"column":56},"end":{"line":161,"column":57}},"loc":{"start":{"line":161,"column":77},"end":{"line":185,"column":1}}},"31":{"name":"(anonymous_32)","decl":{"start":{"line":164,"column":38},"end":{"line":164,"column":39}},"loc":{"start":{"line":164,"column":53},"end":{"line":164,"column":76}}},"32":{"name":"(anonymous_33)","decl":{"start":{"line":166,"column":39},"end":{"line":166,"column":40}},"loc":{"start":{"line":166,"column":48},"end":{"line":166,"column":154}}},"33":{"name":"(anonymous_34)","decl":{"start":{"line":168,"column":62},"end":{"line":168,"column":63}},"loc":{"start":{"line":168,"column":76},"end":{"line":176,"column":3}}},"34":{"name":"(anonymous_35)","decl":{"start":{"line":169,"column":26},"end":{"line":169,"column":27}},"loc":{"start":{"line":169,"column":36},"end":{"line":169,"column":59}}},"35":{"name":"(anonymous_36)","decl":{"start":{"line":179,"column":79},"end":{"line":179,"column":80}},"loc":{"start":{"line":179,"column":88},"end":{"line":181,"column":3}}},"36":{"name":"(anonymous_37)","decl":{"start":{"line":187,"column":43},"end":{"line":187,"column":44}},"loc":{"start":{"line":187,"column":68},"end":{"line":191,"column":1}}},"37":{"name":"(anonymous_38)","decl":{"start":{"line":188,"column":34},"end":{"line":188,"column":35}},"loc":{"start":{"line":188,"column":49},"end":{"line":188,"column":113}}}},"branchMap":{"0":{"loc":{"start":{"line":7,"column":2},"end":{"line":9,"column":null}},"type":"if","locations":[{"start":{"line":7,"column":2},"end":{"line":9,"column":null}}]},"1":{"loc":{"start":{"line":12,"column":2},"end":{"line":14,"column":null}},"type":"if","locations":[{"start":{"line":12,"column":2},"end":{"line":14,"column":null}}]},"2":{"loc":{"start":{"line":28,"column":53},"end":{"line":28,"column":164}},"type":"binary-expr","locations":[{"start":{"line":28,"column":53},"end":{"line":28,"column":107}},{"start":{"line":28,"column":111},"end":{"line":28,"column":164}}]},"3":{"loc":{"start":{"line":29,"column":81},"end":{"line":29,"column":131}},"type":"binary-expr","locations":[{"start":{"line":29,"column":81},"end":{"line":29,"column":126}},{"start":{"line":29,"column":130},"end":{"line":29,"column":131}}]},"4":{"loc":{"start":{"line":40,"column":48},"end":{"line":40,"column":145}},"type":"binary-expr","locations":[{"start":{"line":40,"column":48},"end":{"line":40,"column":95}},{"start":{"line":40,"column":99},"end":{"line":40,"column":145}}]},"5":{"loc":{"start":{"line":41,"column":69},"end":{"line":41,"column":119}},"type":"binary-expr","locations":[{"start":{"line":41,"column":69},"end":{"line":41,"column":114}},{"start":{"line":41,"column":118},"end":{"line":41,"column":119}}]},"6":{"loc":{"start":{"line":42,"column":68},"end":{"line":42,"column":177}},"type":"cond-expr","locations":[{"start":{"line":42,"column":128},"end":{"line":42,"column":173}},{"start":{"line":42,"column":176},"end":{"line":42,"column":177}}]},"7":{"loc":{"start":{"line":49,"column":12},"end":{"line":49,"column":49}},"type":"cond-expr","locations":[{"start":{"line":49,"column":36},"end":{"line":49,"column":45}},{"start":{"line":49,"column":48},"end":{"line":49,"column":49}}]},"8":{"loc":{"start":{"line":58,"column":2},"end":{"line":60,"column":null}},"type":"if","locations":[{"start":{"line":58,"column":2},"end":{"line":60,"column":null}}]},"9":{"loc":{"start":{"line":58,"column":6},"end":{"line":58,"column":28}},"type":"binary-expr","locations":[{"start":{"line":58,"column":6},"end":{"line":58,"column":16}},{"start":{"line":58,"column":20},"end":{"line":58,"column":28}}]},"10":{"loc":{"start":{"line":79,"column":4},"end":{"line":87,"column":null}},"type":"if","locations":[{"start":{"line":79,"column":4},"end":{"line":87,"column":null}},{"start":{"line":81,"column":11},"end":{"line":87,"column":null}}]},"11":{"loc":{"start":{"line":80,"column":29},"end":{"line":80,"column":79}},"type":"binary-expr","locations":[{"start":{"line":80,"column":29},"end":{"line":80,"column":74}},{"start":{"line":80,"column":78},"end":{"line":80,"column":79}}]},"12":{"loc":{"start":{"line":84,"column":14},"end":{"line":84,"column":37}},"type":"cond-expr","locations":[{"start":{"line":84,"column":31},"end":{"line":84,"column":33}},{"start":{"line":84,"column":31},"end":{"line":84,"column":37}}]},"13":{"loc":{"start":{"line":84,"column":14},"end":{"line":84,"column":33}},"type":"binary-expr","locations":[{"start":{"line":84,"column":14},"end":{"line":84,"column":33}},{"start":{"line":84,"column":31},"end":{"line":84,"column":33}}]},"14":{"loc":{"start":{"line":85,"column":21},"end":{"line":85,"column":71}},"type":"binary-expr","locations":[{"start":{"line":85,"column":21},"end":{"line":85,"column":66}},{"start":{"line":85,"column":70},"end":{"line":85,"column":71}}]},"15":{"loc":{"start":{"line":94,"column":2},"end":{"line":96,"column":null}},"type":"if","locations":[{"start":{"line":94,"column":2},"end":{"line":96,"column":null}}]},"16":{"loc":{"start":{"line":101,"column":18},"end":{"line":101,"column":50}},"type":"cond-expr","locations":[{"start":{"line":101,"column":31},"end":{"line":101,"column":42}},{"start":{"line":101,"column":45},"end":{"line":101,"column":50}}]},"17":{"loc":{"start":{"line":101,"column":64},"end":{"line":101,"column":93}},"type":"cond-expr","locations":[{"start":{"line":101,"column":76},"end":{"line":101,"column":86}},{"start":{"line":101,"column":89},"end":{"line":101,"column":93}}]},"18":{"loc":{"start":{"line":120,"column":62},"end":{"line":120,"column":112}},"type":"binary-expr","locations":[{"start":{"line":120,"column":62},"end":{"line":120,"column":107}},{"start":{"line":120,"column":111},"end":{"line":120,"column":112}}]},"19":{"loc":{"start":{"line":134,"column":102},"end":{"line":134,"column":152}},"type":"binary-expr","locations":[{"start":{"line":134,"column":102},"end":{"line":134,"column":147}},{"start":{"line":134,"column":151},"end":{"line":134,"column":152}}]},"20":{"loc":{"start":{"line":151,"column":62},"end":{"line":151,"column":112}},"type":"binary-expr","locations":[{"start":{"line":151,"column":62},"end":{"line":151,"column":107}},{"start":{"line":151,"column":111},"end":{"line":151,"column":112}}]},"21":{"loc":{"start":{"line":166,"column":99},"end":{"line":166,"column":149}},"type":"binary-expr","locations":[{"start":{"line":166,"column":99},"end":{"line":166,"column":144}},{"start":{"line":166,"column":148},"end":{"line":166,"column":149}}]},"22":{"loc":{"start":{"line":170,"column":4},"end":{"line":174,"column":null}},"type":"if","locations":[{"start":{"line":170,"column":4},"end":{"line":174,"column":null}},{"start":{"line":172,"column":11},"end":{"line":174,"column":null}}]},"23":{"loc":{"start":{"line":188,"column":62},"end":{"line":188,"column":112}},"type":"binary-expr","locations":[{"start":{"line":188,"column":62},"end":{"line":188,"column":107}},{"start":{"line":188,"column":111},"end":{"line":188,"column":112}}]}},"s":{"0":5,"1":5,"2":0,"3":0,"4":0,"5":0,"6":0,"7":0,"8":0,"9":5,"10":5,"11":0,"12":0,"13":5,"14":5,"15":0,"16":0,"17":0,"18":0,"19":0,"20":0,"21":0,"22":0,"23":0,"24":0,"25":0,"26":0,"27":0,"28":0,"29":0,"30":0,"31":0,"32":0,"33":0,"34":0,"35":0,"36":0,"37":0,"38":0,"39":0,"40":5,"41":5,"42":40,"43":0,"44":40,"45":40,"46":40,"47":40,"48":5,"49":5,"50":0,"51":5,"52":5,"53":0,"54":0,"55":0,"56":0,"57":0,"58":0,"59":0,"60":0,"61":0,"62":5,"63":5,"64":7,"65":0,"66":7,"67":7,"68":7,"69":7,"70":7,"71":5,"72":5,"73":0,"74":0,"75":5,"76":5,"77":1,"78":1,"79":29,"80":1,"81":10,"82":1,"83":1,"84":5,"85":5,"86":1,"87":1,"88":29,"89":1,"90":10,"91":1,"92":24,"93":1,"94":5,"95":5,"96":1,"97":5,"98":5,"99":1,"100":1,"101":29,"102":1,"103":10,"104":1,"105":29,"106":1,"107":1,"108":1,"109":5,"110":5,"111":1,"112":1,"113":29,"114":1,"115":10,"116":1,"117":10,"118":10,"119":10,"120":8,"121":2,"122":10,"123":1,"124":2,"125":1,"126":5,"127":5,"128":0,"129":0,"130":0,"131":0,"132":5},"f":{"0":0,"1":0,"2":0,"3":0,"4":0,"5":0,"6":0,"7":0,"8":0,"9":0,"10":40,"11":0,"12":0,"13":0,"14":0,"15":0,"16":7,"17":0,"18":1,"19":29,"20":10,"21":1,"22":29,"23":10,"24":24,"25":5,"26":1,"27":29,"28":10,"29":29,"30":1,"31":29,"32":10,"33":10,"34":10,"35":2,"36":0,"37":0},"b":{"0":[0],"1":[0],"2":[0,0],"3":[0,0],"4":[0,0],"5":[0,0],"6":[0,0],"7":[0,0],"8":[0],"9":[40,40],"10":[0,0],"11":[0,0],"12":[0,0],"13":[0,0],"14":[0,0],"15":[0],"16":[2,5],"17":[1,6],"18":[10,0],"19":[10,0],"20":[10,0],"21":[10,0],"22":[8,2],"23":[0,0]}}
}
