TN:
SF:config.ts
FN:8,(anonymous_1)
FNF:1
FNH:0
FNDA:0,(anonymous_1)
DA:1,5
DA:2,5
DA:4,5
DA:8,5
DA:9,0
DA:12,5
LF:6
LH:5
BRF:0
BRH:0
end_of_record
TN:
SF:index.ts
FN:56,(anonymous_1)
FN:57,(anonymous_2)
FNF:2
FNH:0
FNDA:0,(anonymous_1)
FNDA:0,(anonymous_2)
DA:1,5
DA:2,5
DA:3,5
DA:4,5
DA:5,5
DA:6,5
DA:7,5
DA:8,5
DA:10,5
DA:13,5
DA:15,5
DA:18,5
DA:20,5
DA:22,5
DA:24,5
DA:39,5
DA:43,5
DA:45,5
DA:46,5
DA:47,5
DA:48,5
DA:50,5
DA:51,5
DA:54,5
DA:56,0
DA:59,5
DA:60,5
DA:62,5
LF:28
LH:27
BRDA:20,0,0,5
BRDA:20,0,1,5
BRF:2
BRH:2
end_of_record
TN:
SF:constants\project.ts
FN:1,(anonymous_0)
FNF:1
FNH:1
FNDA:5,(anonymous_0)
DA:1,5
DA:2,5
DA:3,5
DA:4,5
LF:4
LH:4
BRDA:1,0,0,5
BRDA:1,0,1,5
BRF:2
BRH:2
end_of_record
TN:
SF:constants\status.ts
FN:2,(anonymous_0)
FNF:1
FNH:1
FNDA:5,(anonymous_0)
DA:2,5
DA:3,5
DA:4,5
DA:5,5
DA:6,5
LF:5
LH:5
BRDA:2,0,0,5
BRDA:2,0,1,5
BRF:2
BRH:2
end_of_record
TN:
SF:controllers\client.controller.ts
FN:6,(anonymous_13)
FN:6,(anonymous_14)
FN:16,(anonymous_15)
FN:16,(anonymous_16)
FN:26,(anonymous_17)
FN:26,(anonymous_18)
FN:36,(anonymous_19)
FN:36,(anonymous_20)
FN:46,(anonymous_21)
FN:46,(anonymous_22)
FN:56,(anonymous_23)
FN:56,(anonymous_24)
FNF:12
FNH:8
FNDA:1,(anonymous_13)
FNDA:1,(anonymous_14)
FNDA:3,(anonymous_15)
FNDA:3,(anonymous_16)
FNDA:0,(anonymous_17)
FNDA:0,(anonymous_18)
FNDA:1,(anonymous_19)
FNDA:1,(anonymous_20)
FNDA:1,(anonymous_21)
FNDA:1,(anonymous_22)
FNDA:0,(anonymous_23)
FNDA:0,(anonymous_24)
DA:2,5
DA:3,5
DA:6,5
DA:7,1
DA:8,1
DA:10,0
DA:11,0
DA:16,5
DA:17,3
DA:18,3
DA:20,0
DA:21,0
DA:26,5
DA:27,0
DA:28,0
DA:30,0
DA:31,0
DA:36,5
DA:37,1
DA:38,1
DA:40,0
DA:41,0
DA:46,5
DA:47,1
DA:48,1
DA:50,0
DA:51,0
DA:56,5
DA:57,0
DA:58,0
DA:60,0
DA:61,0
LF:32
LH:16
BRDA:10,0,0,0
BRDA:20,1,0,0
BRDA:30,2,0,0
BRDA:40,3,0,0
BRDA:50,4,0,0
BRDA:60,5,0,0
BRF:6
BRH:0
end_of_record
TN:
SF:controllers\project.controller.ts
FN:5,(anonymous_13)
FN:5,(anonymous_14)
FN:15,(anonymous_15)
FN:15,(anonymous_16)
FN:25,(anonymous_17)
FN:25,(anonymous_18)
FN:35,(anonymous_19)
FN:35,(anonymous_20)
FN:45,(anonymous_21)
FN:45,(anonymous_22)
FN:55,(anonymous_23)
FN:55,(anonymous_24)
FNF:12
FNH:10
FNDA:1,(anonymous_13)
FNDA:1,(anonymous_14)
FNDA:0,(anonymous_15)
FNDA:0,(anonymous_16)
FNDA:2,(anonymous_17)
FNDA:2,(anonymous_18)
FNDA:2,(anonymous_19)
FNDA:2,(anonymous_20)
FNDA:1,(anonymous_21)
FNDA:1,(anonymous_22)
FNDA:1,(anonymous_23)
FNDA:1,(anonymous_24)
DA:2,5
DA:3,5
DA:5,5
DA:6,1
DA:7,1
DA:9,1
DA:10,1
DA:15,5
DA:16,0
DA:17,0
DA:19,0
DA:20,0
DA:25,5
DA:26,2
DA:27,2
DA:29,0
DA:30,0
DA:35,5
DA:36,2
DA:37,2
DA:39,1
DA:40,1
DA:45,5
DA:46,1
DA:47,1
DA:49,1
DA:50,1
DA:55,5
DA:56,1
DA:57,1
DA:59,0
DA:60,0
LF:32
LH:24
BRDA:9,0,0,1
BRDA:19,1,0,0
BRDA:29,2,0,0
BRDA:39,3,0,1
BRDA:49,4,0,1
BRDA:59,5,0,0
BRF:6
BRH:3
end_of_record
TN:
SF:controllers\report.controller.ts
FN:4,(anonymous_13)
FN:4,(anonymous_14)
FN:14,(anonymous_15)
FN:14,(anonymous_16)
FNF:4
FNH:0
FNDA:0,(anonymous_13)
FNDA:0,(anonymous_14)
FNDA:0,(anonymous_15)
FNDA:0,(anonymous_16)
DA:1,5
DA:2,5
DA:4,5
DA:5,0
DA:6,0
DA:8,0
DA:9,0
DA:14,5
DA:15,0
DA:16,0
DA:18,0
DA:19,0
LF:12
LH:4
BRDA:8,0,0,0
BRDA:18,1,0,0
BRF:2
BRH:0
end_of_record
TN:
SF:controllers\task.controller.ts
FN:5,(anonymous_13)
FN:5,(anonymous_14)
FN:15,(anonymous_15)
FN:15,(anonymous_16)
FN:25,(anonymous_17)
FN:25,(anonymous_18)
FN:36,(anonymous_19)
FN:36,(anonymous_20)
FN:45,(anonymous_21)
FN:45,(anonymous_22)
FN:55,(anonymous_23)
FN:55,(anonymous_24)
FN:65,(anonymous_25)
FN:65,(anonymous_26)
FN:76,(anonymous_27)
FN:76,(anonymous_28)
FNF:16
FNH:8
FNDA:1,(anonymous_13)
FNDA:1,(anonymous_14)
FNDA:5,(anonymous_15)
FNDA:5,(anonymous_16)
FNDA:1,(anonymous_17)
FNDA:1,(anonymous_18)
FNDA:0,(anonymous_19)
FNDA:0,(anonymous_20)
FNDA:0,(anonymous_21)
FNDA:0,(anonymous_22)
FNDA:0,(anonymous_23)
FNDA:0,(anonymous_24)
FNDA:1,(anonymous_25)
FNDA:1,(anonymous_26)
FNDA:0,(anonymous_27)
FNDA:0,(anonymous_28)
DA:1,5
DA:3,5
DA:5,5
DA:6,1
DA:7,1
DA:9,0
DA:10,0
DA:15,5
DA:16,5
DA:17,5
DA:19,0
DA:20,0
DA:25,5
DA:26,1
DA:27,1
DA:29,0
DA:30,0
DA:36,5
DA:37,0
DA:38,0
DA:40,0
DA:41,0
DA:45,5
DA:46,0
DA:47,0
DA:49,0
DA:50,0
DA:55,5
DA:56,0
DA:57,0
DA:59,0
DA:60,0
DA:65,5
DA:66,1
DA:67,1
DA:69,0
DA:70,0
DA:76,5
DA:77,0
DA:78,0
DA:80,0
LF:41
LH:18
BRDA:9,0,0,0
BRDA:19,1,0,0
BRDA:29,2,0,0
BRDA:40,3,0,0
BRDA:49,4,0,0
BRDA:59,5,0,0
BRDA:69,6,0,0
BRF:7
BRH:0
end_of_record
TN:
SF:controllers\timer.controller.ts
FN:5,(anonymous_13)
FN:5,(anonymous_14)
FN:15,(anonymous_15)
FN:15,(anonymous_16)
FN:25,(anonymous_17)
FN:25,(anonymous_18)
FN:35,(anonymous_19)
FN:35,(anonymous_20)
FN:46,(anonymous_21)
FN:46,(anonymous_22)
FNF:10
FNH:2
FNDA:0,(anonymous_13)
FNDA:0,(anonymous_14)
FNDA:0,(anonymous_15)
FNDA:0,(anonymous_16)
FNDA:1,(anonymous_17)
FNDA:1,(anonymous_18)
FNDA:0,(anonymous_19)
FNDA:0,(anonymous_20)
FNDA:0,(anonymous_21)
FNDA:0,(anonymous_22)
DA:2,5
DA:3,5
DA:5,5
DA:6,0
DA:7,0
DA:9,0
DA:10,0
DA:15,5
DA:16,0
DA:17,0
DA:19,0
DA:20,0
DA:25,5
DA:26,1
DA:27,1
DA:29,0
DA:30,0
DA:35,5
DA:36,0
DA:37,0
DA:39,0
DA:40,0
DA:46,5
DA:47,0
DA:48,0
DA:50,0
DA:51,0
LF:27
LH:9
BRDA:9,0,0,0
BRDA:19,1,0,0
BRDA:29,2,0,0
BRDA:39,3,0,0
BRDA:50,4,0,0
BRF:5
BRH:0
end_of_record
TN:
SF:controllers\user.controller.ts
FN:5,(anonymous_13)
FN:5,(anonymous_14)
FN:15,(anonymous_15)
FN:15,(anonymous_16)
FN:25,(anonymous_17)
FN:25,(anonymous_18)
FN:35,(anonymous_19)
FN:35,(anonymous_20)
FN:45,(anonymous_21)
FN:45,(anonymous_22)
FN:55,(anonymous_23)
FN:55,(anonymous_24)
FN:65,(anonymous_25)
FN:65,(anonymous_26)
FN:75,(anonymous_27)
FN:75,(anonymous_28)
FN:86,(anonymous_29)
FN:86,(anonymous_30)
FN:96,(anonymous_31)
FN:96,(anonymous_32)
FN:106,(anonymous_33)
FN:106,(anonymous_34)
FNF:22
FNH:8
FNDA:0,(anonymous_13)
FNDA:0,(anonymous_14)
FNDA:3,(anonymous_15)
FNDA:3,(anonymous_16)
FNDA:28,(anonymous_17)
FNDA:28,(anonymous_18)
FNDA:0,(anonymous_19)
FNDA:0,(anonymous_20)
FNDA:1,(anonymous_21)
FNDA:1,(anonymous_22)
FNDA:0,(anonymous_23)
FNDA:0,(anonymous_24)
FNDA:0,(anonymous_25)
FNDA:0,(anonymous_26)
FNDA:1,(anonymous_27)
FNDA:1,(anonymous_28)
FNDA:0,(anonymous_29)
FNDA:0,(anonymous_30)
FNDA:0,(anonymous_31)
FNDA:0,(anonymous_32)
FNDA:0,(anonymous_33)
FNDA:0,(anonymous_34)
DA:1,5
DA:3,5
DA:5,5
DA:6,0
DA:7,0
DA:9,0
DA:10,0
DA:15,5
DA:16,3
DA:17,3
DA:19,0
DA:20,0
DA:25,28
DA:26,28
DA:27,28
DA:29,0
DA:30,0
DA:35,5
DA:36,0
DA:37,0
DA:39,0
DA:40,0
DA:45,5
DA:46,1
DA:47,1
DA:49,0
DA:50,0
DA:55,5
DA:56,0
DA:57,0
DA:59,0
DA:60,0
DA:65,5
DA:66,0
DA:67,0
DA:69,0
DA:70,0
DA:75,5
DA:76,1
DA:77,1
DA:79,0
DA:80,0
DA:86,5
DA:87,0
DA:88,0
DA:90,0
DA:91,0
DA:96,5
DA:97,0
DA:98,0
DA:100,0
DA:101,0
DA:106,5
DA:107,0
DA:108,0
DA:110,0
DA:111,0
LF:57
LH:21
BRDA:9,0,0,0
BRDA:19,1,0,0
BRDA:29,2,0,0
BRDA:39,3,0,0
BRDA:49,4,0,0
BRDA:59,5,0,0
BRDA:69,6,0,0
BRDA:79,7,0,0
BRDA:90,8,0,0
BRDA:100,9,0,0
BRDA:110,10,0,0
BRF:11
BRH:0
end_of_record
TN:
SF:db\config.ts
FNF:0
FNH:0
DA:1,5
DA:3,5
DA:13,5
LF:3
LH:3
BRF:0
BRH:0
end_of_record
TN:
SF:db\index.ts
FN:12,(anonymous_8)
FN:12,(anonymous_9)
FNF:2
FNH:2
FNDA:5,(anonymous_8)
FNDA:5,(anonymous_9)
DA:1,5
DA:2,5
DA:3,5
DA:5,5
DA:6,5
DA:7,5
DA:8,5
DA:11,5
DA:12,5
DA:13,5
DA:14,5
DA:15,0
LF:12
LH:11
BRF:0
BRH:0
end_of_record
TN:
SF:db\models\client.ts
FN:19,(anonymous_3)
FNF:1
FNH:1
FNDA:10,(anonymous_3)
DA:2,5
DA:4,5
DA:14,5
DA:17,5
DA:19,10
DA:20,5
DA:23,5
LF:7
LH:7
BRF:0
BRH:0
end_of_record
TN:
SF:db\models\project.ts
FN:26,(anonymous_3)
FN:26,(anonymous_4)
FN:29,(anonymous_5)
FN:33,(anonymous_6)
FN:36,(anonymous_7)
FNF:5
FNH:5
FNDA:22,(anonymous_3)
FNDA:5,(anonymous_4)
FNDA:10,(anonymous_5)
FNDA:22,(anonymous_6)
FNDA:22,(anonymous_7)
DA:2,5
DA:4,5
DA:5,5
DA:6,5
DA:7,5
DA:21,5
DA:26,22
DA:27,5
DA:29,10
DA:31,5
DA:33,22
DA:34,5
DA:36,22
DA:37,5
DA:40,5
DA:43,5
DA:46,5
DA:49,5
DA:52,5
DA:55,5
LF:20
LH:20
BRF:0
BRH:0
end_of_record
TN:
SF:db\models\task.ts
FN:22,(anonymous_3)
FN:26,(anonymous_4)
FN:29,(anonymous_5)
FN:33,(anonymous_6)
FN:36,(anonymous_7)
FNF:5
FNH:5
FNDA:20,(anonymous_3)
FNDA:22,(anonymous_4)
FNDA:5,(anonymous_5)
FNDA:22,(anonymous_6)
FNDA:22,(anonymous_7)
DA:2,5
DA:3,5
DA:4,5
DA:5,5
DA:16,5
DA:22,20
DA:24,5
DA:26,22
DA:27,5
DA:29,5
DA:31,5
DA:33,22
DA:34,5
DA:36,22
DA:37,5
DA:40,5
DA:43,5
DA:46,5
LF:18
LH:18
BRF:0
BRH:0
end_of_record
TN:
SF:db\models\timer.ts
FN:19,(anonymous_3)
FN:23,(anonymous_4)
FN:26,(anonymous_5)
FN:30,(anonymous_6)
FNF:4
FNH:4
FNDA:25,(anonymous_3)
FNDA:13,(anonymous_4)
FNDA:10,(anonymous_5)
FNDA:13,(anonymous_6)
DA:2,5
DA:3,5
DA:4,5
DA:18,5
DA:19,25
DA:21,5
DA:23,13
DA:24,5
DA:26,10
DA:28,5
DA:30,13
DA:31,5
DA:34,5
DA:37,5
DA:40,5
DA:43,5
DA:45,5
LF:17
LH:17
BRF:0
BRH:0
end_of_record
TN:
SF:db\models\user.ts
FN:32,(anonymous_3)
FN:32,(anonymous_4)
FN:35,(anonymous_5)
FN:38,(anonymous_6)
FNF:4
FNH:4
FNDA:10,(anonymous_3)
FNDA:5,(anonymous_4)
FNDA:10,(anonymous_5)
FNDA:10,(anonymous_6)
DA:2,5
DA:4,5
DA:5,5
DA:6,5
DA:7,5
DA:27,5
DA:32,10
DA:33,5
DA:35,10
DA:36,5
DA:38,10
DA:39,5
DA:42,5
DA:45,5
DA:48,5
DA:51,5
DA:54,5
DA:57,5
DA:60,5
DA:63,5
DA:66,5
DA:69,5
DA:72,5
DA:75,5
DA:79,5
LF:25
LH:25
BRF:0
BRH:0
end_of_record
TN:
SF:db\models\user_project.ts
FN:12,(anonymous_3)
FN:16,(anonymous_4)
FNF:2
FNH:2
FNDA:30,(anonymous_3)
FNDA:10,(anonymous_4)
DA:2,5
DA:4,5
DA:6,5
DA:11,5
DA:12,30
DA:14,5
DA:16,10
DA:18,5
DA:23,5
LF:9
LH:9
BRF:0
BRH:0
end_of_record
TN:
SF:middlewares\authorize.ts
FN:5,(anonymous_8)
FN:10,(anonymous_9)
FN:10,(anonymous_10)
FN:15,(anonymous_11)
FN:15,(anonymous_12)
FNF:5
FNH:5
FNDA:170,(anonymous_8)
FNDA:35,(anonymous_9)
FNDA:35,(anonymous_10)
FNDA:34,(anonymous_11)
FNDA:34,(anonymous_12)
DA:2,5
DA:3,5
DA:4,5
DA:5,5
DA:6,170
DA:7,5
DA:9,170
DA:10,35
DA:11,35
DA:12,35
DA:13,34
DA:15,34
DA:16,34
DA:17,1
DA:19,33
DA:20,33
DA:21,6
DA:23,27
DA:24,27
DA:27,1
LF:20
LH:20
BRDA:6,0,0,5
BRDA:12,1,0,34
BRDA:12,1,1,1
BRDA:16,2,0,1
BRDA:19,3,0,0
BRDA:19,3,1,33
BRDA:19,4,0,33
BRDA:19,4,1,33
BRDA:20,5,0,6
BRDA:20,6,0,33
BRDA:20,6,1,33
BRDA:20,6,2,19
BRDA:20,7,0,14
BRDA:20,7,1,19
BRDA:20,8,0,33
BRDA:20,8,1,33
BRF:16
BRH:15
end_of_record
TN:
SF:others\templates\dailySummary.ts
FN:8,(anonymous_0)
FN:52,(anonymous_1)
FNF:2
FNH:0
FNDA:0,(anonymous_0)
FNDA:0,(anonymous_1)
DA:8,5
DA:9,0
DA:10,0
DA:52,0
LF:4
LH:1
BRDA:54,0,0,0
BRDA:54,0,1,0
BRF:2
BRH:0
end_of_record
TN:
SF:others\templates\email.ts
FN:3,(anonymous_7)
FN:3,(anonymous_8)
FN:13,(anonymous_9)
FN:13,(anonymous_10)
FN:21,(anonymous_11)
FN:21,(anonymous_12)
FNF:6
FNH:4
FNDA:1,(anonymous_7)
FNDA:1,(anonymous_8)
FNDA:1,(anonymous_9)
FNDA:1,(anonymous_10)
FNDA:0,(anonymous_11)
FNDA:0,(anonymous_12)
DA:1,5
DA:3,5
DA:4,1
DA:5,1
DA:6,1
DA:8,0
DA:13,5
DA:14,1
DA:15,1
DA:18,1
DA:21,5
DA:22,0
DA:23,0
DA:26,0
LF:14
LH:10
BRDA:3,0,0,1
BRDA:6,1,0,1
BRDA:6,1,1,1
BRF:3
BRH:3
end_of_record
TN:
SF:others\templates\index.ts
FNF:0
FNH:0
DA:1,5
LF:1
LH:1
BRF:0
BRH:0
end_of_record
TN:
SF:others\templates\report.ts
FN:3,(anonymous_0)
FN:58,(anonymous_1)
FN:65,(anonymous_2)
FNF:3
FNH:0
FNDA:0,(anonymous_0)
FNDA:0,(anonymous_1)
FNDA:0,(anonymous_2)
DA:3,5
DA:4,0
DA:5,0
DA:58,0
DA:65,0
LF:5
LH:1
BRF:0
BRH:0
end_of_record
TN:
SF:routes\client.ts
FN:11,(anonymous_13)
FN:11,(anonymous_14)
FN:23,(anonymous_15)
FN:23,(anonymous_16)
FN:36,(anonymous_17)
FN:36,(anonymous_18)
FN:49,(anonymous_19)
FN:49,(anonymous_20)
FN:62,(anonymous_21)
FN:62,(anonymous_22)
FN:77,(anonymous_23)
FN:77,(anonymous_24)
FNF:12
FNH:8
FNDA:3,(anonymous_13)
FNDA:3,(anonymous_14)
FNDA:0,(anonymous_15)
FNDA:0,(anonymous_16)
FNDA:1,(anonymous_17)
FNDA:1,(anonymous_18)
FNDA:1,(anonymous_19)
FNDA:1,(anonymous_20)
FNDA:1,(anonymous_21)
FNDA:1,(anonymous_22)
FNDA:0,(anonymous_23)
FNDA:0,(anonymous_24)
DA:1,5
DA:2,5
DA:4,5
DA:6,5
DA:7,5
DA:9,5
DA:11,5
DA:12,3
DA:13,3
DA:14,3
DA:17,0
DA:18,0
DA:23,5
DA:24,0
DA:25,0
DA:26,0
DA:27,0
DA:30,0
DA:31,0
DA:36,5
DA:37,1
DA:38,1
DA:39,1
DA:40,1
DA:43,0
DA:44,0
DA:49,5
DA:50,1
DA:51,1
DA:52,1
DA:53,1
DA:56,0
DA:57,0
DA:62,5
DA:63,1
DA:64,1
DA:65,1
DA:66,1
DA:67,1
DA:70,0
DA:71,0
DA:77,5
DA:78,0
DA:79,0
DA:80,0
DA:81,0
DA:82,0
DA:84,0
DA:85,0
DA:89,5
LF:50
LH:29
BRDA:17,0,0,0
BRDA:30,1,0,0
BRDA:43,2,0,0
BRDA:56,3,0,0
BRDA:70,4,0,0
BRDA:84,5,0,0
BRF:6
BRH:0
end_of_record
TN:
SF:routes\index.ts
FNF:0
FNH:0
DA:1,5
DA:2,5
DA:3,5
DA:4,5
DA:5,5
DA:6,5
DA:7,5
DA:9,5
DA:11,5
DA:12,5
DA:13,5
DA:14,5
DA:15,5
DA:16,5
DA:18,5
LF:15
LH:15
BRF:0
BRH:0
end_of_record
TN:
SF:routes\projects.ts
FN:12,(anonymous_13)
FN:12,(anonymous_14)
FN:24,(anonymous_15)
FN:24,(anonymous_16)
FN:37,(anonymous_17)
FN:37,(anonymous_18)
FN:50,(anonymous_19)
FN:50,(anonymous_20)
FN:62,(anonymous_21)
FN:62,(anonymous_22)
FN:75,(anonymous_23)
FN:75,(anonymous_24)
FNF:12
FNH:10
FNDA:0,(anonymous_13)
FNDA:0,(anonymous_14)
FNDA:1,(anonymous_15)
FNDA:1,(anonymous_16)
FNDA:2,(anonymous_17)
FNDA:2,(anonymous_18)
FNDA:2,(anonymous_19)
FNDA:2,(anonymous_20)
FNDA:1,(anonymous_21)
FNDA:1,(anonymous_22)
FNDA:1,(anonymous_23)
FNDA:1,(anonymous_24)
DA:1,5
DA:2,5
DA:5,5
DA:7,5
DA:8,5
DA:10,5
DA:12,5
DA:13,0
DA:14,0
DA:15,0
DA:16,0
DA:18,0
DA:19,0
DA:24,5
DA:25,1
DA:26,1
DA:27,1
DA:28,1
DA:29,0
DA:31,1
DA:32,1
DA:37,5
DA:38,2
DA:39,2
DA:40,2
DA:41,2
DA:42,2
DA:44,0
DA:45,0
DA:50,5
DA:51,2
DA:52,2
DA:53,2
DA:54,1
DA:56,1
DA:57,1
DA:62,5
DA:63,1
DA:64,1
DA:65,1
DA:66,1
DA:67,0
DA:69,1
DA:70,1
DA:75,5
DA:76,1
DA:77,1
DA:78,1
DA:79,1
DA:81,0
DA:82,0
DA:87,5
LF:52
LH:40
BRDA:18,0,0,0
BRDA:26,1,0,0
BRDA:26,1,1,1
BRDA:26,2,0,1
BRDA:26,2,1,1
BRDA:31,3,0,1
BRDA:38,4,0,0
BRDA:38,4,1,2
BRDA:38,5,0,2
BRDA:38,5,1,2
BRDA:44,6,0,0
BRDA:56,7,0,1
BRDA:69,8,0,1
BRDA:81,9,0,0
BRF:14
BRH:9
end_of_record
TN:
SF:routes\reports.ts
FN:12,(anonymous_14)
FN:12,(anonymous_15)
FN:16,(anonymous_16)
FN:30,(anonymous_17)
FN:30,(anonymous_18)
FNF:5
FNH:0
FNDA:0,(anonymous_14)
FNDA:0,(anonymous_15)
FNDA:0,(anonymous_16)
FNDA:0,(anonymous_17)
FNDA:0,(anonymous_18)
DA:1,5
DA:2,5
DA:4,5
DA:5,5
DA:6,5
DA:7,5
DA:8,5
DA:10,5
DA:12,5
DA:13,0
DA:14,0
DA:15,0
DA:16,0
DA:17,0
DA:18,0
DA:20,0
DA:24,0
DA:25,0
DA:30,5
DA:31,0
DA:32,0
DA:33,0
DA:34,0
DA:36,0
DA:37,0
DA:43,5
LF:26
LH:11
BRDA:17,0,0,0
BRDA:24,1,0,0
BRDA:36,2,0,0
BRF:3
BRH:0
end_of_record
TN:
SF:routes\tasks.ts
FN:18,(anonymous_14)
FN:18,(anonymous_15)
FN:29,(anonymous_16)
FN:29,(anonymous_17)
FN:42,(anonymous_18)
FN:42,(anonymous_19)
FN:55,(anonymous_20)
FN:55,(anonymous_21)
FN:67,(anonymous_22)
FN:67,(anonymous_23)
FN:81,(anonymous_24)
FN:81,(anonymous_25)
FN:93,(anonymous_26)
FN:93,(anonymous_27)
FN:106,(anonymous_28)
FN:106,(anonymous_29)
FNF:16
FNH:8
FNDA:0,(anonymous_14)
FNDA:0,(anonymous_15)
FNDA:1,(anonymous_16)
FNDA:1,(anonymous_17)
FNDA:1,(anonymous_18)
FNDA:1,(anonymous_19)
FNDA:5,(anonymous_20)
FNDA:5,(anonymous_21)
FNDA:0,(anonymous_22)
FNDA:0,(anonymous_23)
FNDA:0,(anonymous_24)
FNDA:0,(anonymous_25)
FNDA:0,(anonymous_26)
FNDA:0,(anonymous_27)
FNDA:1,(anonymous_28)
FNDA:1,(anonymous_29)
DA:2,5
DA:5,5
DA:6,5
DA:8,5
DA:10,5
DA:11,5
DA:14,5
DA:16,5
DA:17,5
DA:18,5
DA:19,0
DA:20,0
DA:21,0
DA:23,0
DA:24,0
DA:29,5
DA:30,1
DA:31,1
DA:32,1
DA:33,1
DA:34,1
DA:36,0
DA:37,0
DA:42,5
DA:43,1
DA:44,1
DA:45,1
DA:46,1
DA:47,1
DA:49,0
DA:50,0
DA:55,5
DA:56,5
DA:57,5
DA:58,5
DA:59,5
DA:61,0
DA:62,0
DA:67,5
DA:68,0
DA:69,0
DA:70,0
DA:71,0
DA:72,0
DA:73,0
DA:75,0
DA:76,0
DA:81,5
DA:82,0
DA:83,0
DA:84,0
DA:85,0
DA:87,0
DA:88,0
DA:93,5
DA:94,0
DA:95,0
DA:96,0
DA:97,0
DA:100,0
DA:101,0
DA:106,5
DA:107,1
DA:108,1
DA:109,1
DA:110,1
DA:112,0
DA:113,0
DA:120,5
LF:69
LH:36
BRDA:23,0,0,0
BRDA:36,1,0,0
BRDA:49,2,0,0
BRDA:61,3,0,0
BRDA:75,4,0,0
BRDA:87,5,0,0
BRDA:96,6,0,0
BRDA:96,6,1,0
BRDA:100,7,0,0
BRDA:112,8,0,0
BRF:10
BRH:0
end_of_record
TN:
SF:routes\timers.ts
FN:12,(anonymous_13)
FN:12,(anonymous_14)
FN:25,(anonymous_15)
FN:25,(anonymous_16)
FN:42,(anonymous_17)
FN:42,(anonymous_18)
FN:56,(anonymous_19)
FN:56,(anonymous_20)
FN:68,(anonymous_21)
FN:68,(anonymous_22)
FN:80,(anonymous_23)
FN:80,(anonymous_24)
FN:81,(anonymous_25)
FN:88,(anonymous_26)
FN:88,(anonymous_27)
FNF:15
FNH:2
FNDA:0,(anonymous_13)
FNDA:0,(anonymous_14)
FNDA:0,(anonymous_15)
FNDA:0,(anonymous_16)
FNDA:0,(anonymous_17)
FNDA:0,(anonymous_18)
FNDA:1,(anonymous_19)
FNDA:1,(anonymous_20)
FNDA:0,(anonymous_21)
FNDA:0,(anonymous_22)
FNDA:0,(anonymous_23)
FNDA:0,(anonymous_24)
FNDA:0,(anonymous_25)
FNDA:0,(anonymous_26)
FNDA:0,(anonymous_27)
DA:1,5
DA:2,5
DA:3,5
DA:5,5
DA:6,5
DA:7,5
DA:8,5
DA:10,5
DA:12,5
DA:13,0
DA:14,0
DA:15,0
DA:16,0
DA:17,0
DA:19,0
DA:20,0
DA:25,5
DA:27,0
DA:28,0
DA:30,0
DA:32,0
DA:33,0
DA:34,0
DA:36,0
DA:37,0
DA:42,5
DA:43,0
DA:44,0
DA:45,0
DA:46,0
DA:47,0
DA:49,0
DA:50,0
DA:56,5
DA:57,1
DA:58,1
DA:59,1
DA:60,1
DA:62,0
DA:63,0
DA:68,5
DA:69,0
DA:70,0
DA:71,0
DA:72,0
DA:74,0
DA:75,0
DA:80,5
DA:81,0
DA:82,0
DA:88,0
DA:89,0
DA:90,0
DA:94,0
DA:95,0
DA:97,0
DA:101,5
LF:57
LH:19
BRDA:19,0,0,0
BRDA:27,1,0,0
BRDA:27,1,1,0
BRDA:36,2,0,0
BRDA:49,3,0,0
BRDA:62,4,0,0
BRDA:74,5,0,0
BRDA:94,6,0,0
BRDA:94,6,1,0
BRF:9
BRH:0
end_of_record
TN:
SF:routes\users.ts
FN:14,(anonymous_13)
FN:14,(anonymous_14)
FN:26,(anonymous_15)
FN:26,(anonymous_16)
FN:37,(anonymous_17)
FN:37,(anonymous_18)
FN:49,(anonymous_19)
FN:49,(anonymous_20)
FN:63,(anonymous_21)
FN:63,(anonymous_22)
FN:75,(anonymous_23)
FN:75,(anonymous_24)
FN:87,(anonymous_25)
FN:87,(anonymous_26)
FN:99,(anonymous_27)
FN:99,(anonymous_28)
FN:111,(anonymous_29)
FN:111,(anonymous_30)
FN:128,(anonymous_31)
FN:128,(anonymous_32)
FN:129,(anonymous_33)
FN:136,(anonymous_34)
FN:136,(anonymous_35)
FN:150,(anonymous_36)
FN:150,(anonymous_37)
FNF:25
FNH:8
FNDA:0,(anonymous_13)
FNDA:0,(anonymous_14)
FNDA:3,(anonymous_15)
FNDA:3,(anonymous_16)
FNDA:28,(anonymous_17)
FNDA:28,(anonymous_18)
FNDA:0,(anonymous_19)
FNDA:0,(anonymous_20)
FNDA:1,(anonymous_21)
FNDA:1,(anonymous_22)
FNDA:0,(anonymous_23)
FNDA:0,(anonymous_24)
FNDA:0,(anonymous_25)
FNDA:0,(anonymous_26)
FNDA:0,(anonymous_27)
FNDA:0,(anonymous_28)
FNDA:1,(anonymous_29)
FNDA:1,(anonymous_30)
FNDA:0,(anonymous_31)
FNDA:0,(anonymous_32)
FNDA:0,(anonymous_33)
FNDA:0,(anonymous_34)
FNDA:0,(anonymous_35)
FNDA:0,(anonymous_36)
FNDA:0,(anonymous_37)
DA:1,5
DA:2,5
DA:5,5
DA:7,5
DA:8,5
DA:9,5
DA:10,5
DA:12,5
DA:14,5
DA:15,0
DA:16,0
DA:17,0
DA:18,0
DA:20,0
DA:21,0
DA:26,5
DA:27,3
DA:28,3
DA:29,3
DA:31,0
DA:32,0
DA:37,28
DA:38,28
DA:39,28
DA:40,28
DA:41,28
DA:43,0
DA:44,0
DA:49,5
DA:50,0
DA:51,0
DA:53,0
DA:54,0
DA:55,0
DA:57,0
DA:58,0
DA:63,5
DA:64,1
DA:65,1
DA:66,1
DA:67,1
DA:69,0
DA:70,0
DA:75,5
DA:76,0
DA:77,0
DA:78,0
DA:79,0
DA:81,0
DA:82,0
DA:87,5
DA:88,0
DA:89,0
DA:90,0
DA:91,0
DA:93,0
DA:94,0
DA:99,5
DA:100,0
DA:101,0
DA:102,0
DA:103,0
DA:105,0
DA:106,0
DA:111,5
DA:112,1
DA:113,1
DA:114,1
DA:115,0
DA:117,1
DA:118,1
DA:119,1
DA:121,0
DA:122,0
DA:128,5
DA:129,0
DA:130,0
DA:136,0
DA:137,0
DA:138,0
DA:142,0
DA:143,0
DA:144,0
DA:146,0
DA:150,5
DA:151,0
DA:152,0
DA:153,0
DA:154,0
DA:155,0
DA:157,0
DA:158,0
DA:164,5
LF:93
LH:37
BRDA:20,0,0,0
BRDA:31,1,0,0
BRDA:43,2,0,0
BRDA:57,3,0,0
BRDA:69,4,0,0
BRDA:81,5,0,0
BRDA:93,6,0,0
BRDA:105,7,0,0
BRDA:114,8,0,0
BRDA:114,9,0,1
BRDA:114,9,1,1
BRDA:121,10,0,0
BRDA:142,11,0,0
BRDA:142,11,1,0
BRDA:157,12,0,0
BRF:15
BRH:2
end_of_record
TN:
SF:services\client\client.service.ts
FN:6,(anonymous_8)
FN:6,(anonymous_9)
FN:18,(anonymous_10)
FN:18,(anonymous_11)
FN:27,(anonymous_12)
FN:27,(anonymous_13)
FN:38,(anonymous_14)
FN:38,(anonymous_15)
FN:57,(anonymous_16)
FN:57,(anonymous_17)
FN:74,(anonymous_18)
FN:74,(anonymous_19)
FNF:12
FNH:8
FNDA:1,(anonymous_8)
FNDA:1,(anonymous_9)
FNDA:3,(anonymous_10)
FNDA:3,(anonymous_11)
FNDA:0,(anonymous_12)
FNDA:0,(anonymous_13)
FNDA:1,(anonymous_14)
FNDA:1,(anonymous_15)
FNDA:1,(anonymous_16)
FNDA:1,(anonymous_17)
FNDA:0,(anonymous_18)
FNDA:0,(anonymous_19)
DA:2,5
DA:3,5
DA:4,5
DA:6,5
DA:7,1
DA:8,1
DA:9,1
DA:11,1
DA:12,1
DA:14,0
DA:18,5
DA:19,3
DA:20,3
DA:21,3
DA:23,0
DA:27,5
DA:28,0
DA:29,0
DA:31,0
DA:32,0
DA:34,0
DA:38,5
DA:39,1
DA:40,1
DA:41,1
DA:43,1
DA:45,1
DA:46,0
DA:49,1
DA:50,1
DA:51,1
DA:53,0
DA:57,5
DA:58,1
DA:59,1
DA:61,1
DA:63,1
DA:64,0
DA:67,1
DA:68,1
DA:70,0
DA:74,5
DA:75,0
DA:76,0
DA:78,0
DA:80,0
DA:81,0
DA:84,0
DA:86,0
DA:87,0
DA:90,0
DA:91,0
DA:94,0
DA:96,0
LF:54
LH:31
BRDA:9,0,0,0
BRDA:29,1,0,0
BRDA:41,2,0,0
BRDA:45,3,0,0
BRDA:59,4,0,0
BRDA:63,5,0,0
BRDA:76,6,0,0
BRDA:76,7,0,0
BRDA:76,7,1,0
BRDA:80,8,0,0
BRDA:86,9,0,0
BRF:11
BRH:0
end_of_record
TN:
SF:services\integrations\jira\jira.service.ts
FN:4,(anonymous_7)
FN:4,(anonymous_8)
FN:9,(anonymous_9)
FN:9,(anonymous_10)
FNF:4
FNH:4
FNDA:7,(anonymous_7)
FNDA:7,(anonymous_8)
FNDA:14,(anonymous_9)
FNDA:14,(anonymous_10)
DA:1,5
DA:4,7
DA:5,7
DA:6,7
DA:9,14
DA:10,14
DA:11,12
LF:7
LH:7
BRF:0
BRH:0
end_of_record
TN:
SF:services\internal\eventSource.ts
FN:3,(anonymous_0)
FNF:1
FNH:0
FNDA:0,(anonymous_0)
DA:3,5
DA:4,0
LF:2
LH:1
BRF:0
BRH:0
end_of_record
TN:
SF:services\internal\scheduler.ts
FN:9,(anonymous_8)
FN:16,(anonymous_9)
FN:23,(anonymous_10)
FN:35,(anonymous_11)
FN:35,(anonymous_12)
FN:38,(anonymous_13)
FN:41,(anonymous_14)
FN:42,(anonymous_15)
FN:44,(anonymous_16)
FN:45,(anonymous_17)
FN:50,(anonymous_18)
FN:52,(anonymous_19)
FN:57,(anonymous_20)
FN:57,(anonymous_21)
FN:69,(anonymous_22)
FN:69,(anonymous_23)
FN:74,(anonymous_24)
FN:74,(anonymous_25)
FN:90,(anonymous_26)
FN:90,(anonymous_27)
FNF:20
FNH:0
FNDA:0,(anonymous_8)
FNDA:0,(anonymous_9)
FNDA:0,(anonymous_10)
FNDA:0,(anonymous_11)
FNDA:0,(anonymous_12)
FNDA:0,(anonymous_13)
FNDA:0,(anonymous_14)
FNDA:0,(anonymous_15)
FNDA:0,(anonymous_16)
FNDA:0,(anonymous_17)
FNDA:0,(anonymous_18)
FNDA:0,(anonymous_19)
FNDA:0,(anonymous_20)
FNDA:0,(anonymous_21)
FNDA:0,(anonymous_22)
FNDA:0,(anonymous_23)
FNDA:0,(anonymous_24)
FNDA:0,(anonymous_25)
FNDA:0,(anonymous_26)
FNDA:0,(anonymous_27)
DA:2,5
DA:3,5
DA:4,5
DA:5,5
DA:6,5
DA:9,5
DA:10,0
DA:11,0
DA:12,0
DA:13,0
DA:16,5
DA:17,0
DA:18,0
DA:19,0
DA:23,5
DA:24,0
DA:25,0
DA:26,0
DA:27,0
DA:28,0
DA:29,0
DA:30,0
DA:32,0
DA:35,5
DA:36,0
DA:37,0
DA:38,0
DA:39,0
DA:41,0
DA:42,0
DA:44,0
DA:45,0
DA:47,0
DA:50,0
DA:52,0
DA:53,0
DA:57,5
DA:58,0
DA:59,0
DA:60,0
DA:61,0
DA:62,0
DA:63,0
DA:65,0
DA:69,5
DA:70,0
DA:71,0
DA:72,0
DA:73,0
DA:74,0
DA:75,0
DA:76,0
DA:77,0
DA:79,0
DA:80,0
DA:87,0
DA:90,5
DA:91,0
DA:100,0
LF:59
LH:12
BRDA:28,0,0,0
BRDA:36,1,0,0
BRDA:58,2,0,0
BRDA:58,3,0,0
BRDA:58,3,1,0
BRDA:59,4,0,0
BRDA:62,5,0,0
BRDA:71,6,0,0
BRDA:75,7,0,0
BRDA:76,8,0,0
BRDA:76,8,1,0
BRDA:79,9,0,0
BRDA:79,10,0,0
BRDA:79,10,1,0
BRDA:79,11,0,0
BRDA:79,11,1,0
BRDA:79,12,0,0
BRDA:79,12,1,0
BRF:18
BRH:0
end_of_record
TN:
SF:services\project\project.service.ts
FN:17,(anonymous_8)
FN:17,(anonymous_9)
FN:48,(anonymous_10)
FN:48,(anonymous_11)
FN:72,(anonymous_12)
FN:72,(anonymous_13)
FN:74,(anonymous_14)
FN:74,(anonymous_15)
FN:93,(anonymous_16)
FN:93,(anonymous_17)
FN:107,(anonymous_18)
FN:116,(anonymous_19)
FN:120,(anonymous_20)
FN:129,(anonymous_21)
FN:133,(anonymous_22)
FN:140,(anonymous_23)
FN:152,(anonymous_24)
FN:152,(anonymous_25)
FN:166,(anonymous_26)
FN:166,(anonymous_27)
FN:180,(anonymous_28)
FN:180,(anonymous_29)
FN:191,(anonymous_30)
FN:191,(anonymous_31)
FN:205,(anonymous_32)
FN:206,(anonymous_33)
FNF:26
FNH:17
FNDA:1,(anonymous_8)
FNDA:1,(anonymous_9)
FNDA:0,(anonymous_10)
FNDA:0,(anonymous_11)
FNDA:7,(anonymous_12)
FNDA:7,(anonymous_13)
FNDA:14,(anonymous_14)
FNDA:14,(anonymous_15)
FNDA:2,(anonymous_16)
FNDA:2,(anonymous_17)
FNDA:14,(anonymous_18)
FNDA:0,(anonymous_19)
FNDA:0,(anonymous_20)
FNDA:0,(anonymous_21)
FNDA:0,(anonymous_22)
FNDA:0,(anonymous_23)
FNDA:2,(anonymous_24)
FNDA:2,(anonymous_25)
FNDA:1,(anonymous_26)
FNDA:1,(anonymous_27)
FNDA:0,(anonymous_28)
FNDA:0,(anonymous_29)
FNDA:1,(anonymous_30)
FNDA:1,(anonymous_31)
FNDA:29,(anonymous_32)
FNDA:29,(anonymous_33)
DA:3,5
DA:5,5
DA:6,5
DA:7,5
DA:8,5
DA:9,5
DA:10,5
DA:11,5
DA:12,5
DA:14,5
DA:15,5
DA:17,5
DA:18,1
DA:19,0
DA:22,1
DA:24,1
DA:28,1
DA:29,1
DA:32,0
DA:34,0
DA:35,0
DA:38,0
DA:39,0
DA:40,0
DA:44,0
DA:48,5
DA:49,0
DA:50,0
DA:55,0
DA:56,0
DA:58,0
DA:61,0
DA:62,0
DA:65,0
DA:66,0
DA:68,0
DA:72,7
DA:73,7
DA:74,14
DA:77,14
DA:78,14
DA:79,14
DA:80,14
DA:81,14
DA:82,12
DA:84,0
DA:85,0
DA:86,0
DA:87,0
DA:89,0
DA:93,5
DA:94,2
DA:95,2
DA:96,2
DA:97,0
DA:99,2
DA:100,2
DA:107,2
DA:108,14
DA:112,2
DA:113,2
DA:114,0
DA:115,0
DA:116,0
DA:117,0
DA:119,0
DA:120,0
DA:121,0
DA:126,2
DA:127,0
DA:128,0
DA:129,0
DA:130,0
DA:132,0
DA:133,0
DA:134,0
DA:139,2
DA:140,0
DA:141,0
DA:142,0
DA:146,2
DA:148,0
DA:152,5
DA:153,2
DA:154,2
DA:156,2
DA:159,2
DA:160,1
DA:162,1
DA:166,5
DA:167,1
DA:168,1
DA:169,1
DA:171,1
DA:173,1
DA:174,1
DA:177,0
DA:179,0
DA:180,0
DA:182,0
DA:185,0
DA:187,1
DA:191,5
DA:192,1
DA:193,1
DA:195,1
DA:199,1
DA:200,0
DA:202,1
DA:205,29
DA:206,29
DA:208,1
DA:209,1
DA:210,1
DA:211,1
DA:213,1
DA:215,0
LF:117
LH:68
BRDA:18,0,0,0
BRDA:18,1,0,1
BRDA:18,1,1,1
BRDA:28,2,0,1
BRDA:34,3,0,0
BRDA:49,4,0,0
BRDA:61,5,0,0
BRDA:79,6,0,14
BRDA:86,7,0,0
BRDA:86,8,0,0
BRDA:86,8,1,0
BRDA:96,9,0,0
BRDA:113,10,0,0
BRDA:114,11,0,0
BRDA:114,11,1,0
BRDA:115,12,0,0
BRDA:115,12,1,0
BRDA:119,13,0,0
BRDA:126,14,0,0
BRDA:127,15,0,0
BRDA:127,15,1,0
BRDA:128,16,0,0
BRDA:128,16,1,0
BRDA:132,17,0,0
BRDA:139,18,0,0
BRDA:141,19,0,0
BRDA:154,20,0,0
BRDA:159,21,0,1
BRDA:169,22,0,0
BRDA:173,23,0,1
BRDA:177,24,0,0
BRDA:177,24,1,0
BRDA:177,25,0,0
BRDA:177,25,1,0
BRDA:177,26,0,0
BRDA:177,26,1,0
BRDA:177,27,0,0
BRDA:177,27,1,0
BRDA:179,28,0,0
BRDA:180,29,0,0
BRDA:180,29,1,0
BRDA:180,30,0,0
BRDA:180,30,1,0
BRDA:193,31,0,0
BRDA:199,32,0,0
BRF:45
BRH:6
end_of_record
TN:
SF:services\report\report.service.ts
FN:13,(anonymous_8)
FN:13,(anonymous_9)
FN:22,(anonymous_10)
FN:25,(anonymous_11)
FN:38,(anonymous_12)
FN:38,(anonymous_13)
FN:49,(anonymous_14)
FNF:7
FNH:0
FNDA:0,(anonymous_8)
FNDA:0,(anonymous_9)
FNDA:0,(anonymous_10)
FNDA:0,(anonymous_11)
FNDA:0,(anonymous_12)
FNDA:0,(anonymous_13)
FNDA:0,(anonymous_14)
DA:1,5
DA:2,5
DA:3,5
DA:4,5
DA:5,5
DA:6,5
DA:7,5
DA:9,5
DA:11,5
DA:13,5
DA:14,0
DA:15,0
DA:21,0
DA:22,0
DA:25,0
DA:26,0
DA:34,0
DA:38,5
DA:40,0
DA:42,0
DA:43,0
DA:45,0
DA:47,0
DA:48,0
DA:49,0
DA:50,0
DA:51,0
DA:53,0
DA:54,0
DA:56,0
DA:58,0
LF:31
LH:11
BRDA:22,0,0,0
BRDA:22,0,1,0
BRDA:42,1,0,0
BRDA:42,1,1,0
BRDA:47,2,0,0
BRF:5
BRH:0
end_of_record
TN:
SF:services\task\task.service.ts
FN:13,(anonymous_8)
FN:13,(anonymous_9)
FN:43,(anonymous_10)
FN:43,(anonymous_11)
FN:46,(anonymous_12)
FN:46,(anonymous_13)
FN:59,(anonymous_14)
FN:59,(anonymous_15)
FN:67,(anonymous_16)
FN:76,(anonymous_17)
FN:76,(anonymous_18)
FN:95,(anonymous_19)
FN:95,(anonymous_20)
FN:120,(anonymous_21)
FN:120,(anonymous_22)
FN:133,(anonymous_23)
FN:136,(anonymous_24)
FN:144,(anonymous_25)
FN:144,(anonymous_26)
FN:162,(anonymous_27)
FN:171,(anonymous_28)
FN:177,(anonymous_29)
FN:201,(anonymous_30)
FN:201,(anonymous_31)
FN:219,(anonymous_32)
FN:219,(anonymous_33)
FN:238,(anonymous_34)
FN:238,(anonymous_35)
FN:277,(anonymous_36)
FN:277,(anonymous_37)
FN:292,(anonymous_38)
FN:301,(anonymous_39)
FN:301,(anonymous_40)
FN:309,(anonymous_41)
FNF:34
FNH:13
FNDA:1,(anonymous_8)
FNDA:1,(anonymous_9)
FNDA:14,(anonymous_10)
FNDA:14,(anonymous_11)
FNDA:246,(anonymous_12)
FNDA:246,(anonymous_13)
FNDA:5,(anonymous_14)
FNDA:5,(anonymous_15)
FNDA:273,(anonymous_16)
FNDA:0,(anonymous_17)
FNDA:0,(anonymous_18)
FNDA:0,(anonymous_19)
FNDA:0,(anonymous_20)
FNDA:0,(anonymous_21)
FNDA:0,(anonymous_22)
FNDA:0,(anonymous_23)
FNDA:0,(anonymous_24)
FNDA:0,(anonymous_25)
FNDA:0,(anonymous_26)
FNDA:0,(anonymous_27)
FNDA:0,(anonymous_28)
FNDA:0,(anonymous_29)
FNDA:0,(anonymous_30)
FNDA:0,(anonymous_31)
FNDA:1,(anonymous_32)
FNDA:1,(anonymous_33)
FNDA:1,(anonymous_34)
FNDA:1,(anonymous_35)
FNDA:0,(anonymous_36)
FNDA:0,(anonymous_37)
FNDA:0,(anonymous_38)
FNDA:0,(anonymous_39)
FNDA:0,(anonymous_40)
FNDA:0,(anonymous_41)
DA:1,5
DA:2,5
DA:4,5
DA:5,5
DA:6,5
DA:7,5
DA:8,5
DA:9,5
DA:10,5
DA:11,5
DA:13,5
DA:14,1
DA:15,0
DA:20,1
DA:21,0
DA:22,0
DA:24,0
DA:28,1
DA:29,0
DA:32,1
DA:33,1
DA:34,1
DA:35,0
DA:37,1
DA:39,0
DA:43,14
DA:44,14
DA:46,246
DA:47,246
DA:48,205
DA:49,205
DA:50,204
DA:52,1
DA:53,1
DA:54,1
DA:59,5
DA:60,5
DA:61,5
DA:62,5
DA:63,0
DA:65,5
DA:66,5
DA:67,5
DA:68,273
DA:70,5
DA:72,0
DA:76,5
DA:77,0
DA:78,0
DA:81,0
DA:83,0
DA:84,0
DA:87,0
DA:88,0
DA:89,0
DA:91,0
DA:95,5
DA:96,0
DA:97,0
DA:100,0
DA:102,0
DA:103,0
DA:106,0
DA:108,0
DA:109,0
DA:112,0
DA:113,0
DA:114,0
DA:116,0
DA:120,5
DA:121,0
DA:122,0
DA:125,0
DA:127,0
DA:128,0
DA:131,0
DA:132,0
DA:133,0
DA:134,0
DA:136,0
DA:137,0
DA:139,0
DA:144,5
DA:145,0
DA:146,0
DA:149,0
DA:151,0
DA:152,0
DA:155,0
DA:156,0
DA:162,0
DA:163,0
DA:166,0
DA:167,0
DA:168,0
DA:169,0
DA:171,0
DA:172,0
DA:175,0
DA:176,0
DA:177,0
DA:178,0
DA:179,0
DA:180,0
DA:182,0
DA:183,0
DA:185,0
DA:186,0
DA:188,0
DA:189,0
DA:191,0
DA:193,0
DA:195,0
DA:197,0
DA:201,5
DA:202,0
DA:203,0
DA:206,0
DA:208,0
DA:209,0
DA:212,0
DA:213,0
DA:215,0
DA:219,5
DA:220,1
DA:221,0
DA:224,1
DA:226,1
DA:227,0
DA:230,1
DA:231,1
DA:232,1
DA:234,0
DA:238,5
DA:239,1
DA:240,0
DA:243,1
DA:245,1
DA:246,0
DA:249,1
DA:250,1
DA:251,1
DA:253,1
DA:255,0
DA:256,0
DA:258,0
DA:259,0
DA:260,0
DA:261,0
DA:263,0
DA:265,0
DA:266,0
DA:269,1
DA:271,0
DA:277,5
DA:278,0
DA:279,0
DA:282,0
DA:284,0
DA:285,0
DA:288,0
DA:290,0
DA:291,0
DA:292,0
DA:293,0
DA:295,0
DA:297,0
DA:301,5
DA:302,0
DA:303,0
DA:305,0
DA:306,0
DA:307,0
DA:309,0
DA:310,0
DA:312,0
LF:176
LH:60
BRDA:14,0,0,0
BRDA:20,1,0,0
BRDA:28,2,0,0
BRDA:28,3,0,1
BRDA:28,3,1,0
BRDA:34,4,0,0
BRDA:34,5,0,1
BRDA:34,5,1,0
BRDA:49,6,0,204
BRDA:49,7,0,205
BRDA:49,7,1,1
BRDA:53,8,0,1
BRDA:62,9,0,0
BRDA:68,10,0,218
BRDA:68,10,1,55
BRDA:77,11,0,0
BRDA:83,12,0,0
BRDA:96,13,0,0
BRDA:96,14,0,0
BRDA:96,14,1,0
BRDA:102,15,0,0
BRDA:108,16,0,0
BRDA:121,17,0,0
BRDA:127,18,0,0
BRDA:134,19,0,0
BRDA:134,19,1,0
BRDA:145,20,0,0
BRDA:151,21,0,0
BRDA:163,22,0,0
BRDA:163,22,1,0
BRDA:163,23,0,0
BRDA:163,23,1,0
BRDA:163,24,0,0
BRDA:163,24,1,0
BRDA:166,25,0,0
BRDA:168,26,0,0
BRDA:175,27,0,0
BRDA:178,28,0,0
BRDA:178,29,0,0
BRDA:178,29,1,0
BRDA:178,29,2,0
BRDA:179,30,0,0
BRDA:179,31,0,0
BRDA:179,31,1,0
BRDA:179,31,2,0
BRDA:182,32,0,0
BRDA:182,33,0,0
BRDA:182,33,1,0
BRDA:182,34,0,0
BRDA:182,34,1,0
BRDA:182,35,0,0
BRDA:182,35,1,0
BRDA:185,36,0,0
BRDA:185,37,0,0
BRDA:185,37,1,0
BRDA:188,38,0,0
BRDA:188,39,0,0
BRDA:188,39,1,0
BRDA:188,39,2,0
BRDA:188,40,0,0
BRDA:188,40,1,0
BRDA:188,41,0,0
BRDA:188,41,1,0
BRDA:188,42,0,0
BRDA:188,42,1,0
BRDA:188,43,0,0
BRDA:188,43,1,0
BRDA:202,44,0,0
BRDA:208,45,0,0
BRDA:220,46,0,0
BRDA:226,47,0,0
BRDA:239,48,0,0
BRDA:245,49,0,0
BRDA:250,50,0,1
BRDA:250,51,0,1
BRDA:250,51,1,0
BRDA:253,52,0,0
BRDA:255,53,0,0
BRDA:258,54,0,0
BRDA:258,55,0,0
BRDA:258,55,1,0
BRDA:260,56,0,0
BRDA:265,57,0,0
BRDA:265,58,0,0
BRDA:265,58,1,0
BRDA:278,59,0,0
BRDA:284,60,0,0
BRDA:302,61,0,0
BRDA:302,62,0,0
BRDA:302,62,1,0
BRF:90
BRH:10
end_of_record
TN:
SF:services\timer\timer.service.ts
FN:13,(anonymous_8)
FN:13,(anonymous_9)
FN:23,(anonymous_10)
FN:23,(anonymous_11)
FN:39,(anonymous_12)
FN:39,(anonymous_13)
FN:70,(anonymous_14)
FN:70,(anonymous_15)
FN:96,(anonymous_16)
FN:96,(anonymous_17)
FN:102,(anonymous_18)
FN:105,(anonymous_19)
FN:112,(anonymous_20)
FN:128,(anonymous_21)
FN:131,(anonymous_22)
FN:136,(anonymous_23)
FN:149,(anonymous_24)
FN:149,(anonymous_25)
FN:164,(anonymous_26)
FN:164,(anonymous_27)
FNF:20
FNH:10
FNDA:0,(anonymous_8)
FNDA:0,(anonymous_9)
FNDA:0,(anonymous_10)
FNDA:0,(anonymous_11)
FNDA:0,(anonymous_12)
FNDA:0,(anonymous_13)
FNDA:0,(anonymous_14)
FNDA:0,(anonymous_15)
FNDA:1,(anonymous_16)
FNDA:1,(anonymous_17)
FNDA:4,(anonymous_18)
FNDA:2,(anonymous_19)
FNDA:4,(anonymous_20)
FNDA:4,(anonymous_21)
FNDA:3,(anonymous_22)
FNDA:4,(anonymous_23)
FNDA:1,(anonymous_24)
FNDA:1,(anonymous_25)
FNDA:0,(anonymous_26)
FNDA:0,(anonymous_27)
DA:1,5
DA:2,5
DA:3,5
DA:5,5
DA:6,5
DA:7,5
DA:8,5
DA:9,5
DA:11,5
DA:13,5
DA:14,0
DA:15,0
DA:16,0
DA:18,0
DA:23,5
DA:24,0
DA:25,0
DA:26,0
DA:27,0
DA:29,0
DA:31,0
DA:32,0
DA:39,5
DA:40,0
DA:41,0
DA:44,0
DA:45,0
DA:47,0
DA:48,0
DA:51,0
DA:52,0
DA:55,0
DA:56,0
DA:57,0
DA:58,0
DA:59,0
DA:60,0
DA:64,0
DA:66,0
DA:70,5
DA:71,0
DA:73,0
DA:74,0
DA:77,0
DA:79,0
DA:80,0
DA:83,0
DA:84,0
DA:85,0
DA:89,0
DA:91,0
DA:96,5
DA:97,1
DA:98,1
DA:99,0
DA:101,1
DA:102,4
DA:103,1
DA:104,1
DA:105,1
DA:106,2
DA:112,2
DA:113,4
DA:121,4
DA:122,4
DA:125,2
DA:126,0
DA:128,4
DA:129,2
DA:130,2
DA:131,2
DA:132,3
DA:136,3
DA:137,4
DA:139,3
DA:141,2
DA:142,2
DA:144,1
DA:149,5
DA:150,1
DA:152,1
DA:153,0
DA:156,1
DA:157,1
DA:158,1
DA:160,0
DA:164,5
DA:165,0
DA:166,0
DA:170,0
DA:172,0
LF:91
LH:45
BRDA:26,0,0,0
BRDA:31,1,0,0
BRDA:40,2,0,0
BRDA:47,3,0,0
BRDA:51,4,0,0
BRDA:73,5,0,0
BRDA:79,6,0,0
BRDA:98,7,0,0
BRDA:114,8,0,4
BRDA:114,8,1,2
BRDA:114,9,0,2
BRDA:114,9,1,2
BRDA:114,10,0,4
BRDA:114,10,1,2
BRDA:114,11,0,0
BRDA:114,11,1,4
BRDA:114,12,0,4
BRDA:114,12,1,4
BRDA:121,13,0,4
BRDA:125,14,0,0
BRDA:152,15,0,0
BRF:21
BRH:10
end_of_record
TN:
SF:services\user\user.service.ts
FN:16,(anonymous_8)
FN:16,(anonymous_9)
FN:47,(anonymous_10)
FN:47,(anonymous_11)
FN:60,(anonymous_12)
FN:60,(anonymous_13)
FN:69,(anonymous_14)
FN:69,(anonymous_15)
FN:86,(anonymous_16)
FN:86,(anonymous_17)
FN:106,(anonymous_18)
FN:106,(anonymous_19)
FN:121,(anonymous_20)
FN:121,(anonymous_21)
FN:131,(anonymous_22)
FN:131,(anonymous_23)
FN:146,(anonymous_24)
FN:157,(anonymous_25)
FN:157,(anonymous_26)
FN:170,(anonymous_27)
FN:170,(anonymous_28)
FN:186,(anonymous_29)
FN:186,(anonymous_30)
FNF:23
FNH:8
FNDA:0,(anonymous_8)
FNDA:0,(anonymous_9)
FNDA:1,(anonymous_10)
FNDA:1,(anonymous_11)
FNDA:3,(anonymous_12)
FNDA:3,(anonymous_13)
FNDA:28,(anonymous_14)
FNDA:28,(anonymous_15)
FNDA:0,(anonymous_16)
FNDA:0,(anonymous_17)
FNDA:1,(anonymous_18)
FNDA:1,(anonymous_19)
FNDA:0,(anonymous_20)
FNDA:0,(anonymous_21)
FNDA:0,(anonymous_22)
FNDA:0,(anonymous_23)
FNDA:0,(anonymous_24)
FNDA:0,(anonymous_25)
FNDA:0,(anonymous_26)
FNDA:0,(anonymous_27)
FNDA:0,(anonymous_28)
FNDA:0,(anonymous_29)
FNDA:0,(anonymous_30)
DA:1,5
DA:3,5
DA:7,5
DA:8,5
DA:9,5
DA:10,5
DA:11,5
DA:12,5
DA:13,5
DA:14,5
DA:16,5
DA:17,0
DA:18,0
DA:20,0
DA:22,0
DA:23,0
DA:24,0
DA:27,0
DA:28,0
DA:29,0
DA:36,0
DA:37,0
DA:38,0
DA:40,0
DA:43,0
DA:47,5
DA:48,1
DA:49,1
DA:50,0
DA:52,1
DA:53,1
DA:55,0
DA:60,5
DA:61,3
DA:62,3
DA:63,3
DA:65,0
DA:69,28
DA:70,28
DA:71,28
DA:72,0
DA:75,28
DA:77,28
DA:78,0
DA:81,28
DA:83,28
DA:86,5
DA:87,0
DA:88,0
DA:91,0
DA:93,0
DA:94,0
DA:97,0
DA:98,0
DA:101,0
DA:103,0
DA:106,5
DA:107,1
DA:109,1
DA:110,0
DA:112,1
DA:114,1
DA:116,1
DA:118,1
DA:121,5
DA:122,0
DA:124,0
DA:125,0
DA:128,0
DA:131,5
DA:132,0
DA:134,0
DA:135,0
DA:138,0
DA:140,0
DA:146,0
DA:147,0
DA:148,0
DA:149,0
DA:150,0
DA:152,0
DA:157,5
DA:158,0
DA:167,0
DA:170,5
DA:171,0
DA:173,0
DA:174,0
DA:177,0
DA:179,0
DA:181,0
DA:183,0
DA:186,5
DA:187,0
DA:189,0
DA:190,0
DA:193,0
DA:195,0
DA:197,0
DA:199,0
LF:100
LH:40
BRDA:17,0,0,0
BRDA:17,1,0,0
BRDA:17,1,1,0
BRDA:22,2,0,0
BRDA:22,3,0,0
BRDA:22,3,1,0
BRDA:27,4,0,0
BRDA:27,4,1,0
BRDA:27,5,0,0
BRDA:27,5,1,0
BRDA:33,6,0,0
BRDA:33,6,1,0
BRDA:49,7,0,0
BRDA:71,8,0,0
BRDA:71,9,0,28
BRDA:71,9,1,28
BRDA:77,10,0,0
BRDA:77,11,0,28
BRDA:77,11,1,28
BRDA:77,11,2,28
BRDA:87,12,0,0
BRDA:93,13,0,0
BRDA:97,14,0,0
BRDA:109,15,0,0
BRDA:124,16,0,0
BRDA:134,17,0,0
BRDA:173,18,0,0
BRDA:189,19,0,0
BRF:28
BRH:5
end_of_record
TN:
SF:types\error.ts
FN:10,(anonymous_0)
FNF:1
FNH:1
FNDA:5,(anonymous_0)
DA:1,5
DA:8,5
DA:10,5
DA:11,5
LF:4
LH:4
BRF:0
BRH:0
end_of_record
TN:
SF:utils\auth.ts
FN:5,(anonymous_2)
FN:9,(anonymous_3)
FN:13,(anonymous_4)
FN:18,(anonymous_5)
FNF:4
FNH:3
FNDA:0,(anonymous_2)
FNDA:28,(anonymous_3)
FNDA:28,(anonymous_4)
FNDA:1,(anonymous_5)
DA:1,5
DA:2,5
DA:5,5
DA:6,0
DA:9,5
DA:10,28
DA:13,5
DA:14,28
DA:15,28
DA:18,5
DA:19,1
DA:20,1
LF:12
LH:11
BRF:0
BRH:0
end_of_record
TN:
SF:utils\email.ts
FN:3,(anonymous_1)
FNF:1
FNH:1
FNDA:1,(anonymous_1)
DA:1,5
DA:3,5
DA:4,1
DA:18,1
LF:4
LH:4
BRF:0
BRH:0
end_of_record
TN:
SF:utils\jira.ts
FN:7,(anonymous_7)
FN:14,(anonymous_8)
FN:14,(anonymous_9)
FNF:3
FNH:2
FNDA:0,(anonymous_7)
FNDA:14,(anonymous_8)
FNDA:14,(anonymous_9)
DA:5,5
DA:7,5
DA:8,0
DA:9,0
DA:11,0
DA:14,14
DA:15,14
DA:16,0
DA:19,14
DA:20,0
LF:10
LH:5
BRDA:8,0,0,0
BRDA:8,1,0,0
BRDA:8,1,1,0
BRDA:15,2,0,0
BRDA:19,3,0,0
BRDA:19,4,0,14
BRDA:19,4,1,0
BRDA:19,4,2,0
BRF:8
BRH:1
end_of_record
TN:
SF:utils\projects.ts
FN:6,(anonymous_0)
FN:10,(anonymous_1)
FN:17,(anonymous_2)
FN:23,(anonymous_3)
FN:26,(anonymous_4)
FN:39,(anonymous_5)
FNF:6
FNH:2
FNDA:0,(anonymous_0)
FNDA:0,(anonymous_1)
FNDA:69,(anonymous_2)
FNDA:87,(anonymous_3)
FNDA:0,(anonymous_4)
FNDA:0,(anonymous_5)
DA:1,5
DA:6,5
DA:7,0
DA:10,5
DA:11,0
DA:13,0
DA:17,5
DA:18,69
DA:19,60
DA:20,53
DA:21,4
DA:23,87
DA:26,5
DA:27,0
DA:28,0
DA:30,0
DA:31,0
DA:33,0
DA:34,0
DA:36,0
DA:39,5
DA:40,0
DA:41,0
DA:43,0
DA:44,0
DA:46,0
DA:47,0
DA:49,0
LF:28
LH:11
BRDA:11,0,0,0
BRDA:11,1,0,0
BRDA:13,2,0,0
BRDA:13,2,1,0
BRDA:18,3,0,9
BRDA:19,4,0,7
BRDA:20,5,0,4
BRDA:27,6,0,0
BRDA:30,7,0,0
BRDA:30,8,0,0
BRDA:30,8,1,0
BRDA:33,9,0,0
BRDA:33,10,0,0
BRDA:33,10,1,0
BRDA:40,11,0,0
BRDA:43,12,0,0
BRDA:43,13,0,0
BRDA:43,13,1,0
BRDA:46,14,0,0
BRDA:46,15,0,0
BRDA:46,15,1,0
BRF:21
BRH:3
end_of_record
TN:
SF:utils\report.ts
FN:14,getProjectTime
FN:15,(anonymous_9)
FN:19,getTaskTime
FN:20,(anonymous_11)
FN:21,(anonymous_12)
FN:25,getTimerTime
FN:31,(anonymous_14)
FN:32,(anonymous_15)
FN:33,(anonymous_16)
FN:45,(anonymous_17)
FN:45,(anonymous_18)
FN:51,(anonymous_19)
FN:52,(anonymous_20)
FN:57,(anonymous_21)
FN:57,(anonymous_22)
FN:62,(anonymous_23)
FN:76,(anonymous_24)
FN:76,(anonymous_25)
FN:78,(anonymous_26)
FN:78,(anonymous_27)
FNF:20
FNH:0
FNDA:0,getProjectTime
FNDA:0,(anonymous_9)
FNDA:0,getTaskTime
FNDA:0,(anonymous_11)
FNDA:0,(anonymous_12)
FNDA:0,getTimerTime
FNDA:0,(anonymous_14)
FNDA:0,(anonymous_15)
FNDA:0,(anonymous_16)
FNDA:0,(anonymous_17)
FNDA:0,(anonymous_18)
FNDA:0,(anonymous_19)
FNDA:0,(anonymous_20)
FNDA:0,(anonymous_21)
FNDA:0,(anonymous_22)
FNDA:0,(anonymous_23)
FNDA:0,(anonymous_24)
FNDA:0,(anonymous_25)
FNDA:0,(anonymous_26)
FNDA:0,(anonymous_27)
DA:1,5
DA:2,5
DA:3,5
DA:4,5
DA:5,5
DA:9,5
DA:10,5
DA:12,5
DA:14,5
DA:15,0
DA:16,0
DA:19,5
DA:20,0
DA:21,0
DA:22,0
DA:25,5
DA:27,0
DA:28,0
DA:31,5
DA:32,0
DA:33,0
DA:34,0
DA:41,0
DA:45,5
DA:46,0
DA:47,0
DA:51,0
DA:52,0
DA:53,0
DA:57,5
DA:58,0
DA:59,0
DA:62,0
DA:63,0
DA:70,0
DA:76,5
DA:77,0
DA:78,0
DA:79,0
DA:80,0
DA:81,0
DA:82,0
DA:83,0
DA:85,0
LF:44
LH:15
BRDA:15,0,0,0
BRDA:15,0,1,0
BRDA:21,1,0,0
BRDA:21,1,1,0
BRDA:52,2,0,0
BRDA:52,2,1,0
BRDA:79,3,0,0
BRDA:79,4,0,0
BRDA:79,4,1,0
BRDA:79,5,0,0
BRDA:79,5,1,0
BRF:11
BRH:0
end_of_record
TN:
SF:utils\user.ts
FN:4,(anonymous_0)
FNF:1
FNH:1
FNDA:273,(anonymous_0)
DA:4,273
LF:1
LH:1
BRDA:4,0,0,273
BRDA:4,0,1,55
BRF:2
BRH:2
end_of_record
TN:
SF:utils\timer\index.ts
FN:6,(anonymous_1)
FN:10,(anonymous_2)
FN:19,(anonymous_3)
FN:20,(anonymous_4)
FN:23,(anonymous_5)
FN:28,(anonymous_6)
FN:29,(anonymous_7)
FN:40,(anonymous_8)
FN:41,(anonymous_9)
FN:42,(anonymous_10)
FN:57,(anonymous_11)
FN:68,(anonymous_12)
FN:75,(anonymous_13)
FN:77,(anonymous_14)
FN:78,(anonymous_15)
FN:90,(anonymous_16)
FN:93,(anonymous_17)
FN:106,(anonymous_18)
FN:113,(anonymous_19)
FN:117,(anonymous_20)
FN:120,(anonymous_21)
FN:127,(anonymous_22)
FN:131,(anonymous_23)
FN:134,(anonymous_24)
FN:137,(anonymous_25)
FN:140,(anonymous_26)
FN:148,(anonymous_27)
FN:150,(anonymous_28)
FN:151,(anonymous_29)
FN:152,(anonymous_30)
FN:161,(anonymous_31)
FN:164,(anonymous_32)
FN:166,(anonymous_33)
FN:168,(anonymous_34)
FN:169,(anonymous_35)
FN:179,(anonymous_36)
FN:187,(anonymous_37)
FN:188,(anonymous_38)
FNF:38
FNH:20
FNDA:0,(anonymous_1)
FNDA:0,(anonymous_2)
FNDA:0,(anonymous_3)
FNDA:0,(anonymous_4)
FNDA:0,(anonymous_5)
FNDA:0,(anonymous_6)
FNDA:0,(anonymous_7)
FNDA:0,(anonymous_8)
FNDA:0,(anonymous_9)
FNDA:0,(anonymous_10)
FNDA:40,(anonymous_11)
FNDA:0,(anonymous_12)
FNDA:0,(anonymous_13)
FNDA:0,(anonymous_14)
FNDA:0,(anonymous_15)
FNDA:0,(anonymous_16)
FNDA:7,(anonymous_17)
FNDA:0,(anonymous_18)
FNDA:1,(anonymous_19)
FNDA:29,(anonymous_20)
FNDA:10,(anonymous_21)
FNDA:1,(anonymous_22)
FNDA:29,(anonymous_23)
FNDA:10,(anonymous_24)
FNDA:24,(anonymous_25)
FNDA:5,(anonymous_26)
FNDA:1,(anonymous_27)
FNDA:29,(anonymous_28)
FNDA:10,(anonymous_29)
FNDA:29,(anonymous_30)
FNDA:1,(anonymous_31)
FNDA:29,(anonymous_32)
FNDA:10,(anonymous_33)
FNDA:10,(anonymous_34)
FNDA:10,(anonymous_35)
FNDA:2,(anonymous_36)
FNDA:0,(anonymous_37)
FNDA:0,(anonymous_38)
DA:1,5
DA:6,5
DA:7,0
DA:8,0
DA:10,0
DA:12,0
DA:13,0
DA:16,0
DA:19,5
DA:20,0
DA:23,5
DA:24,0
DA:25,0
DA:26,0
DA:27,0
DA:28,0
DA:29,0
DA:30,0
DA:34,0
DA:37,0
DA:38,0
DA:39,0
DA:40,0
DA:41,0
DA:42,0
DA:43,0
DA:47,0
DA:51,0
DA:52,0
DA:54,0
DA:57,5
DA:58,40
DA:59,0
DA:61,40
DA:62,40
DA:63,40
DA:64,40
DA:68,5
DA:69,0
DA:75,5
DA:76,0
DA:77,0
DA:78,0
DA:79,0
DA:80,0
DA:82,0
DA:90,0
DA:93,5
DA:94,7
DA:95,0
DA:97,7
DA:98,7
DA:99,7
DA:101,7
DA:102,7
DA:106,5
DA:107,0
DA:108,0
DA:113,5
DA:115,1
DA:117,29
DA:120,10
DA:122,1
DA:123,1
DA:127,5
DA:129,1
DA:131,29
DA:134,10
DA:137,24
DA:140,1
DA:141,5
DA:142,5
DA:146,1
DA:148,5
DA:149,1
DA:150,29
DA:151,10
DA:152,29
DA:153,1
DA:154,1
DA:156,1
DA:161,5
DA:162,1
DA:164,29
DA:166,10
DA:168,1
DA:169,10
DA:170,10
DA:171,8
DA:173,2
DA:175,10
DA:179,1
DA:180,2
DA:184,1
DA:187,5
DA:188,0
DA:189,0
DA:190,0
LF:98
LH:57
BRDA:7,0,0,0
BRDA:12,1,0,0
BRDA:28,2,0,0
BRDA:28,2,1,0
BRDA:29,3,0,0
BRDA:29,3,1,0
BRDA:40,4,0,0
BRDA:40,4,1,0
BRDA:41,5,0,0
BRDA:41,5,1,0
BRDA:42,6,0,0
BRDA:42,6,1,0
BRDA:49,7,0,0
BRDA:49,7,1,0
BRDA:58,8,0,0
BRDA:58,9,0,40
BRDA:58,9,1,40
BRDA:79,10,0,0
BRDA:79,10,1,0
BRDA:80,11,0,0
BRDA:80,11,1,0
BRDA:84,12,0,0
BRDA:84,12,1,0
BRDA:84,13,0,0
BRDA:84,13,1,0
BRDA:85,14,0,0
BRDA:85,14,1,0
BRDA:94,15,0,0
BRDA:101,16,0,2
BRDA:101,16,1,5
BRDA:101,17,0,1
BRDA:101,17,1,6
BRDA:120,18,0,10
BRDA:120,18,1,0
BRDA:134,19,0,10
BRDA:134,19,1,0
BRDA:151,20,0,10
BRDA:151,20,1,0
BRDA:166,21,0,10
BRDA:166,21,1,0
BRDA:170,22,0,8
BRDA:170,22,1,2
BRDA:188,23,0,0
BRDA:188,23,1,0
BRF:44
BRH:12
end_of_record
